2024-06-13T15:27:04.062Z [Modules] Modules initializing
2024-06-13T15:27:04.063Z [Modules] Distribution: remote
2024-06-13T15:27:04.063Z [Modules] Host updates: enabled
2024-06-13T15:27:04.063Z [Modules] Module updates: enabled
2024-06-13T15:27:04.063Z [Modules] Module install path: /home/onizuka/.config/discord/0.0.56/modules
2024-06-13T15:27:04.063Z [Modules] Module installed file path: /home/onizuka/.config/discord/0.0.56/modules/installed.json
2024-06-13T15:27:04.063Z [Modules] Module download path: /home/onizuka/.config/discord/0.0.56/modules/pending
2024-06-13T15:27:04.420Z [Modules] Bootstrapping...
2024-06-13T15:27:04.421Z [Modules] Installing discord_desktop_core@0 from /usr/share/discord/resources/bootstrap/discord_desktop_core.zip
2024-06-13T15:27:04.428Z [Modules] Failed installing discord_desktop_core@0: Error: ENOENT: no such file or directory, open '/usr/share/discord/resources/bootstrap/discord_desktop_core.zip'
2024-06-13T15:27:04.430Z [Modules] Installing discord_erlpack@0 from /usr/share/discord/resources/bootstrap/discord_erlpack.zip
2024-06-13T15:27:04.433Z [Modules] Failed installing discord_erlpack@0: Error: ENOENT: no such file or directory, open '/usr/share/discord/resources/bootstrap/discord_erlpack.zip'
2024-06-13T15:27:04.434Z [Modules] Installing discord_spellcheck@0 from /usr/share/discord/resources/bootstrap/discord_spellcheck.zip
2024-06-13T15:27:04.437Z [Modules] Failed installing discord_spellcheck@0: Error: ENOENT: no such file or directory, open '/usr/share/discord/resources/bootstrap/discord_spellcheck.zip'
2024-06-13T15:27:04.438Z [Modules] Installing discord_utils@0 from /usr/share/discord/resources/bootstrap/discord_utils.zip
2024-06-13T15:27:04.441Z [Modules] Failed installing discord_utils@0: Error: ENOENT: no such file or directory, open '/usr/share/discord/resources/bootstrap/discord_utils.zip'
2024-06-13T15:27:04.443Z [Modules] Installing discord_voice@0 from /usr/share/discord/resources/bootstrap/discord_voice.zip
2024-06-13T15:27:04.446Z [Modules] Failed installing discord_voice@0: Error: ENOENT: no such file or directory, open '/usr/share/discord/resources/bootstrap/discord_voice.zip'
2024-06-13T15:27:04.447Z [Modules] Installing discord_zstd@0 from /usr/share/discord/resources/bootstrap/discord_zstd.zip
2024-06-13T15:27:04.449Z [Modules] Failed installing discord_zstd@0: Error: ENOENT: no such file or directory, open '/usr/share/discord/resources/bootstrap/discord_zstd.zip'
2024-06-13T15:27:04.450Z [Modules] Finished module installations. [success: 0] [failure: 6]
2024-06-13T15:27:04.451Z [Modules] Checking for host updates.
2024-06-13T15:27:04.778Z [Modules] Host is up to date.
2024-06-13T15:27:04.779Z [Modules] Checking for module updates at https://discord.com/api/modules/stable/versions.json
2024-06-13T15:27:04.826Z [Modules] Module update available: discord_desktop_core@1 [installed: 0]
2024-06-13T15:27:04.826Z [Modules] Module update available: discord_erlpack@1 [installed: 0]
2024-06-13T15:27:04.826Z [Modules] Module update available: discord_spellcheck@1 [installed: 0]
2024-06-13T15:27:04.826Z [Modules] Module update available: discord_utils@1 [installed: 0]
2024-06-13T15:27:04.826Z [Modules] Module update available: discord_voice@1 [installed: 0]
2024-06-13T15:27:04.827Z [Modules] Module update available: discord_zstd@1 [installed: 0]
2024-06-13T15:27:04.828Z [Modules] Fetching discord_desktop_core@1 from https://discord.com/api/modules/stable/discord_desktop_core/1
2024-06-13T15:27:04.828Z [Modules] Streaming discord_desktop_core@1 to /home/onizuka/.config/discord/0.0.56/modules/pending/discord_desktop_core-1.zip
2024-06-13T15:27:05.239Z [Modules] Streaming discord_desktop_core@1 to /home/onizuka/.config/discord/0.0.56/modules/pending/discord_desktop_core-1.zip: 1%
2024-06-13T15:27:05.244Z [Modules] Streaming discord_desktop_core@1 to /home/onizuka/.config/discord/0.0.56/modules/pending/discord_desktop_core-1.zip: 2%
2024-06-13T15:27:05.310Z [Modules] Streaming discord_desktop_core@1 to /home/onizuka/.config/discord/0.0.56/modules/pending/discord_desktop_core-1.zip: 3%
2024-06-13T15:27:05.317Z [Modules] Streaming discord_desktop_core@1 to /home/onizuka/.config/discord/0.0.56/modules/pending/discord_desktop_core-1.zip: 4%
2024-06-13T15:27:05.321Z [Modules] Streaming discord_desktop_core@1 to /home/onizuka/.config/discord/0.0.56/modules/pending/discord_desktop_core-1.zip: 5%
2024-06-13T15:27:05.328Z [Modules] Streaming discord_desktop_core@1 to /home/onizuka/.config/discord/0.0.56/modules/pending/discord_desktop_core-1.zip: 6%
2024-06-13T15:27:05.331Z [Modules] Streaming discord_desktop_core@1 to /home/onizuka/.config/discord/0.0.56/modules/pending/discord_desktop_core-1.zip: 7%
2024-06-13T15:27:05.335Z [Modules] Streaming discord_desktop_core@1 to /home/onizuka/.config/discord/0.0.56/modules/pending/discord_desktop_core-1.zip: 9%
2024-06-13T15:27:05.338Z [Modules] Streaming discord_desktop_core@1 to /home/onizuka/.config/discord/0.0.56/modules/pending/discord_desktop_core-1.zip: 11%
2024-06-13T15:27:05.343Z [Modules] Streaming discord_desktop_core@1 to /home/onizuka/.config/discord/0.0.56/modules/pending/discord_desktop_core-1.zip: 12%
2024-06-13T15:27:05.347Z [Modules] Streaming discord_desktop_core@1 to /home/onizuka/.config/discord/0.0.56/modules/pending/discord_desktop_core-1.zip: 15%
2024-06-13T15:27:05.350Z [Modules] Streaming discord_desktop_core@1 to /home/onizuka/.config/discord/0.0.56/modules/pending/discord_desktop_core-1.zip: 16%
2024-06-13T15:27:05.351Z [Modules] Streaming discord_desktop_core@1 to /home/onizuka/.config/discord/0.0.56/modules/pending/discord_desktop_core-1.zip: 19%
2024-06-13T15:27:05.352Z [Modules] Streaming discord_desktop_core@1 to /home/onizuka/.config/discord/0.0.56/modules/pending/discord_desktop_core-1.zip: 20%
2024-06-13T15:27:05.354Z [Modules] Streaming discord_desktop_core@1 to /home/onizuka/.config/discord/0.0.56/modules/pending/discord_desktop_core-1.zip: 22%
2024-06-13T15:27:05.355Z [Modules] Streaming discord_desktop_core@1 to /home/onizuka/.config/discord/0.0.56/modules/pending/discord_desktop_core-1.zip: 23%
2024-06-13T15:27:05.365Z [Modules] Streaming discord_desktop_core@1 to /home/onizuka/.config/discord/0.0.56/modules/pending/discord_desktop_core-1.zip: 26%
2024-06-13T15:27:05.367Z [Modules] Streaming discord_desktop_core@1 to /home/onizuka/.config/discord/0.0.56/modules/pending/discord_desktop_core-1.zip: 27%
2024-06-13T15:27:05.368Z [Modules] Streaming discord_desktop_core@1 to /home/onizuka/.config/discord/0.0.56/modules/pending/discord_desktop_core-1.zip: 30%
2024-06-13T15:27:05.370Z [Modules] Streaming discord_desktop_core@1 to /home/onizuka/.config/discord/0.0.56/modules/pending/discord_desktop_core-1.zip: 33%
2024-06-13T15:27:05.373Z [Modules] Streaming discord_desktop_core@1 to /home/onizuka/.config/discord/0.0.56/modules/pending/discord_desktop_core-1.zip: 36%
2024-06-13T15:27:05.375Z [Modules] Streaming discord_desktop_core@1 to /home/onizuka/.config/discord/0.0.56/modules/pending/discord_desktop_core-1.zip: 39%
2024-06-13T15:27:05.379Z [Modules] Streaming discord_desktop_core@1 to /home/onizuka/.config/discord/0.0.56/modules/pending/discord_desktop_core-1.zip: 42%
2024-06-13T15:27:05.381Z [Modules] Streaming discord_desktop_core@1 to /home/onizuka/.config/discord/0.0.56/modules/pending/discord_desktop_core-1.zip: 45%
2024-06-13T15:27:05.393Z [Modules] Streaming discord_desktop_core@1 to /home/onizuka/.config/discord/0.0.56/modules/pending/discord_desktop_core-1.zip: 48%
2024-06-13T15:27:05.395Z [Modules] Streaming discord_desktop_core@1 to /home/onizuka/.config/discord/0.0.56/modules/pending/discord_desktop_core-1.zip: 53%
2024-06-13T15:27:05.396Z [Modules] Streaming discord_desktop_core@1 to /home/onizuka/.config/discord/0.0.56/modules/pending/discord_desktop_core-1.zip: 56%
2024-06-13T15:27:05.398Z [Modules] Streaming discord_desktop_core@1 to /home/onizuka/.config/discord/0.0.56/modules/pending/discord_desktop_core-1.zip: 59%
2024-06-13T15:27:05.399Z [Modules] Streaming discord_desktop_core@1 to /home/onizuka/.config/discord/0.0.56/modules/pending/discord_desktop_core-1.zip: 60%
2024-06-13T15:27:05.401Z [Modules] Streaming discord_desktop_core@1 to /home/onizuka/.config/discord/0.0.56/modules/pending/discord_desktop_core-1.zip: 63%
2024-06-13T15:27:05.402Z [Modules] Streaming discord_desktop_core@1 to /home/onizuka/.config/discord/0.0.56/modules/pending/discord_desktop_core-1.zip: 65%
2024-06-13T15:27:05.403Z [Modules] Streaming discord_desktop_core@1 to /home/onizuka/.config/discord/0.0.56/modules/pending/discord_desktop_core-1.zip: 68%
2024-06-13T15:27:05.405Z [Modules] Streaming discord_desktop_core@1 to /home/onizuka/.config/discord/0.0.56/modules/pending/discord_desktop_core-1.zip: 71%
2024-06-13T15:27:05.406Z [Modules] Streaming discord_desktop_core@1 to /home/onizuka/.config/discord/0.0.56/modules/pending/discord_desktop_core-1.zip: 73%
2024-06-13T15:27:05.445Z [Modules] Streaming discord_desktop_core@1 to /home/onizuka/.config/discord/0.0.56/modules/pending/discord_desktop_core-1.zip: 76%
2024-06-13T15:27:05.447Z [Modules] Streaming discord_desktop_core@1 to /home/onizuka/.config/discord/0.0.56/modules/pending/discord_desktop_core-1.zip: 79%
2024-06-13T15:27:05.449Z [Modules] Streaming discord_desktop_core@1 to /home/onizuka/.config/discord/0.0.56/modules/pending/discord_desktop_core-1.zip: 82%
2024-06-13T15:27:05.450Z [Modules] Streaming discord_desktop_core@1 to /home/onizuka/.config/discord/0.0.56/modules/pending/discord_desktop_core-1.zip: 85%
2024-06-13T15:27:05.480Z [Modules] Streaming discord_desktop_core@1 to /home/onizuka/.config/discord/0.0.56/modules/pending/discord_desktop_core-1.zip: 88%
2024-06-13T15:27:05.481Z [Modules] Streaming discord_desktop_core@1 to /home/onizuka/.config/discord/0.0.56/modules/pending/discord_desktop_core-1.zip: 91%
2024-06-13T15:27:05.484Z [Modules] Streaming discord_desktop_core@1 to /home/onizuka/.config/discord/0.0.56/modules/pending/discord_desktop_core-1.zip: 94%
2024-06-13T15:27:05.486Z [Modules] Streaming discord_desktop_core@1 to /home/onizuka/.config/discord/0.0.56/modules/pending/discord_desktop_core-1.zip: 97%
2024-06-13T15:27:05.487Z [Modules] Streaming discord_desktop_core@1 to /home/onizuka/.config/discord/0.0.56/modules/pending/discord_desktop_core-1.zip: 100%
2024-06-13T15:27:05.490Z [Modules] Fetching discord_erlpack@1 from https://discord.com/api/modules/stable/discord_erlpack/1
2024-06-13T15:27:05.490Z [Modules] Streaming discord_erlpack@1 to /home/onizuka/.config/discord/0.0.56/modules/pending/discord_erlpack-1.zip
2024-06-13T15:27:05.789Z [Modules] Streaming discord_erlpack@1 to /home/onizuka/.config/discord/0.0.56/modules/pending/discord_erlpack-1.zip: 3%
2024-06-13T15:27:05.791Z [Modules] Streaming discord_erlpack@1 to /home/onizuka/.config/discord/0.0.56/modules/pending/discord_erlpack-1.zip: 6%
2024-06-13T15:27:05.795Z [Modules] Streaming discord_erlpack@1 to /home/onizuka/.config/discord/0.0.56/modules/pending/discord_erlpack-1.zip: 9%
2024-06-13T15:27:05.796Z [Modules] Streaming discord_erlpack@1 to /home/onizuka/.config/discord/0.0.56/modules/pending/discord_erlpack-1.zip: 12%
2024-06-13T15:27:05.798Z [Modules] Streaming discord_erlpack@1 to /home/onizuka/.config/discord/0.0.56/modules/pending/discord_erlpack-1.zip: 14%
2024-06-13T15:27:05.800Z [Modules] Streaming discord_erlpack@1 to /home/onizuka/.config/discord/0.0.56/modules/pending/discord_erlpack-1.zip: 17%
2024-06-13T15:27:05.801Z [Modules] Streaming discord_erlpack@1 to /home/onizuka/.config/discord/0.0.56/modules/pending/discord_erlpack-1.zip: 18%
2024-06-13T15:27:05.803Z [Modules] Streaming discord_erlpack@1 to /home/onizuka/.config/discord/0.0.56/modules/pending/discord_erlpack-1.zip: 22%
2024-06-13T15:27:05.804Z [Modules] Streaming discord_erlpack@1 to /home/onizuka/.config/discord/0.0.56/modules/pending/discord_erlpack-1.zip: 25%
2024-06-13T15:27:05.805Z [Modules] Streaming discord_erlpack@1 to /home/onizuka/.config/discord/0.0.56/modules/pending/discord_erlpack-1.zip: 26%
2024-06-13T15:27:05.807Z [Modules] Streaming discord_erlpack@1 to /home/onizuka/.config/discord/0.0.56/modules/pending/discord_erlpack-1.zip: 28%
2024-06-13T15:27:05.817Z [Modules] Streaming discord_erlpack@1 to /home/onizuka/.config/discord/0.0.56/modules/pending/discord_erlpack-1.zip: 31%
2024-06-13T15:27:05.819Z [Modules] Streaming discord_erlpack@1 to /home/onizuka/.config/discord/0.0.56/modules/pending/discord_erlpack-1.zip: 34%
2024-06-13T15:27:05.820Z [Modules] Streaming discord_erlpack@1 to /home/onizuka/.config/discord/0.0.56/modules/pending/discord_erlpack-1.zip: 35%
2024-06-13T15:27:05.821Z [Modules] Streaming discord_erlpack@1 to /home/onizuka/.config/discord/0.0.56/modules/pending/discord_erlpack-1.zip: 38%
2024-06-13T15:27:05.825Z [Modules] Streaming discord_erlpack@1 to /home/onizuka/.config/discord/0.0.56/modules/pending/discord_erlpack-1.zip: 40%
2024-06-13T15:27:05.827Z [Modules] Streaming discord_erlpack@1 to /home/onizuka/.config/discord/0.0.56/modules/pending/discord_erlpack-1.zip: 43%
2024-06-13T15:27:05.829Z [Modules] Streaming discord_erlpack@1 to /home/onizuka/.config/discord/0.0.56/modules/pending/discord_erlpack-1.zip: 46%
2024-06-13T15:27:05.831Z [Modules] Streaming discord_erlpack@1 to /home/onizuka/.config/discord/0.0.56/modules/pending/discord_erlpack-1.zip: 51%
2024-06-13T15:27:05.832Z [Modules] Streaming discord_erlpack@1 to /home/onizuka/.config/discord/0.0.56/modules/pending/discord_erlpack-1.zip: 52%
2024-06-13T15:27:05.834Z [Modules] Streaming discord_erlpack@1 to /home/onizuka/.config/discord/0.0.56/modules/pending/discord_erlpack-1.zip: 57%
2024-06-13T15:27:05.835Z [Modules] Streaming discord_erlpack@1 to /home/onizuka/.config/discord/0.0.56/modules/pending/discord_erlpack-1.zip: 60%
2024-06-13T15:27:05.842Z [Modules] Streaming discord_erlpack@1 to /home/onizuka/.config/discord/0.0.56/modules/pending/discord_erlpack-1.zip: 63%
2024-06-13T15:27:05.844Z [Modules] Streaming discord_erlpack@1 to /home/onizuka/.config/discord/0.0.56/modules/pending/discord_erlpack-1.zip: 66%
2024-06-13T15:27:05.847Z [Modules] Streaming discord_erlpack@1 to /home/onizuka/.config/discord/0.0.56/modules/pending/discord_erlpack-1.zip: 69%
2024-06-13T15:27:05.848Z [Modules] Streaming discord_erlpack@1 to /home/onizuka/.config/discord/0.0.56/modules/pending/discord_erlpack-1.zip: 72%
2024-06-13T15:27:05.861Z [Modules] Streaming discord_erlpack@1 to /home/onizuka/.config/discord/0.0.56/modules/pending/discord_erlpack-1.zip: 75%
2024-06-13T15:27:05.862Z [Modules] Streaming discord_erlpack@1 to /home/onizuka/.config/discord/0.0.56/modules/pending/discord_erlpack-1.zip: 79%
2024-06-13T15:27:05.864Z [Modules] Streaming discord_erlpack@1 to /home/onizuka/.config/discord/0.0.56/modules/pending/discord_erlpack-1.zip: 82%
2024-06-13T15:27:05.865Z [Modules] Streaming discord_erlpack@1 to /home/onizuka/.config/discord/0.0.56/modules/pending/discord_erlpack-1.zip: 84%
2024-06-13T15:27:05.868Z [Modules] Streaming discord_erlpack@1 to /home/onizuka/.config/discord/0.0.56/modules/pending/discord_erlpack-1.zip: 87%
2024-06-13T15:27:05.871Z [Modules] Streaming discord_erlpack@1 to /home/onizuka/.config/discord/0.0.56/modules/pending/discord_erlpack-1.zip: 90%
2024-06-13T15:27:05.872Z [Modules] Streaming discord_erlpack@1 to /home/onizuka/.config/discord/0.0.56/modules/pending/discord_erlpack-1.zip: 92%
2024-06-13T15:27:05.876Z [Modules] Streaming discord_erlpack@1 to /home/onizuka/.config/discord/0.0.56/modules/pending/discord_erlpack-1.zip: 95%
2024-06-13T15:27:05.878Z [Modules] Streaming discord_erlpack@1 to /home/onizuka/.config/discord/0.0.56/modules/pending/discord_erlpack-1.zip: 97%
2024-06-13T15:27:05.879Z [Modules] Streaming discord_erlpack@1 to /home/onizuka/.config/discord/0.0.56/modules/pending/discord_erlpack-1.zip: 100%
2024-06-13T15:27:05.882Z [Modules] Fetching discord_spellcheck@1 from https://discord.com/api/modules/stable/discord_spellcheck/1
2024-06-13T15:27:05.882Z [Modules] Streaming discord_spellcheck@1 to /home/onizuka/.config/discord/0.0.56/modules/pending/discord_spellcheck-1.zip
2024-06-13T15:27:06.128Z [Modules] Streaming discord_spellcheck@1 to /home/onizuka/.config/discord/0.0.56/modules/pending/discord_spellcheck-1.zip: 1%
2024-06-13T15:27:06.131Z [Modules] Streaming discord_spellcheck@1 to /home/onizuka/.config/discord/0.0.56/modules/pending/discord_spellcheck-1.zip: 2%
2024-06-13T15:27:06.134Z [Modules] Streaming discord_spellcheck@1 to /home/onizuka/.config/discord/0.0.56/modules/pending/discord_spellcheck-1.zip: 3%
2024-06-13T15:27:06.139Z [Modules] Streaming discord_spellcheck@1 to /home/onizuka/.config/discord/0.0.56/modules/pending/discord_spellcheck-1.zip: 4%
2024-06-13T15:27:06.144Z [Modules] Streaming discord_spellcheck@1 to /home/onizuka/.config/discord/0.0.56/modules/pending/discord_spellcheck-1.zip: 5%
2024-06-13T15:27:06.146Z [Modules] Streaming discord_spellcheck@1 to /home/onizuka/.config/discord/0.0.56/modules/pending/discord_spellcheck-1.zip: 6%
2024-06-13T15:27:06.147Z [Modules] Streaming discord_spellcheck@1 to /home/onizuka/.config/discord/0.0.56/modules/pending/discord_spellcheck-1.zip: 7%
2024-06-13T15:27:06.149Z [Modules] Streaming discord_spellcheck@1 to /home/onizuka/.config/discord/0.0.56/modules/pending/discord_spellcheck-1.zip: 8%
2024-06-13T15:27:06.162Z [Modules] Streaming discord_spellcheck@1 to /home/onizuka/.config/discord/0.0.56/modules/pending/discord_spellcheck-1.zip: 9%
2024-06-13T15:27:06.166Z [Modules] Streaming discord_spellcheck@1 to /home/onizuka/.config/discord/0.0.56/modules/pending/discord_spellcheck-1.zip: 10%
2024-06-13T15:27:06.169Z [Modules] Streaming discord_spellcheck@1 to /home/onizuka/.config/discord/0.0.56/modules/pending/discord_spellcheck-1.zip: 11%
2024-06-13T15:27:06.172Z [Modules] Streaming discord_spellcheck@1 to /home/onizuka/.config/discord/0.0.56/modules/pending/discord_spellcheck-1.zip: 12%
2024-06-13T15:27:06.177Z [Modules] Streaming discord_spellcheck@1 to /home/onizuka/.config/discord/0.0.56/modules/pending/discord_spellcheck-1.zip: 14%
2024-06-13T15:27:06.196Z [Modules] Streaming discord_spellcheck@1 to /home/onizuka/.config/discord/0.0.56/modules/pending/discord_spellcheck-1.zip: 15%
2024-06-13T15:27:06.198Z [Modules] Streaming discord_spellcheck@1 to /home/onizuka/.config/discord/0.0.56/modules/pending/discord_spellcheck-1.zip: 16%
2024-06-13T15:27:06.200Z [Modules] Streaming discord_spellcheck@1 to /home/onizuka/.config/discord/0.0.56/modules/pending/discord_spellcheck-1.zip: 17%
2024-06-13T15:27:06.205Z [Modules] Streaming discord_spellcheck@1 to /home/onizuka/.config/discord/0.0.56/modules/pending/discord_spellcheck-1.zip: 18%
2024-06-13T15:27:06.212Z [Modules] Streaming discord_spellcheck@1 to /home/onizuka/.config/discord/0.0.56/modules/pending/discord_spellcheck-1.zip: 19%
2024-06-13T15:27:06.214Z [Modules] Streaming discord_spellcheck@1 to /home/onizuka/.config/discord/0.0.56/modules/pending/discord_spellcheck-1.zip: 20%
2024-06-13T15:27:06.229Z [Modules] Streaming discord_spellcheck@1 to /home/onizuka/.config/discord/0.0.56/modules/pending/discord_spellcheck-1.zip: 21%
2024-06-13T15:27:06.231Z [Modules] Streaming discord_spellcheck@1 to /home/onizuka/.config/discord/0.0.56/modules/pending/discord_spellcheck-1.zip: 22%
2024-06-13T15:27:06.234Z [Modules] Streaming discord_spellcheck@1 to /home/onizuka/.config/discord/0.0.56/modules/pending/discord_spellcheck-1.zip: 23%
2024-06-13T15:27:06.239Z [Modules] Streaming discord_spellcheck@1 to /home/onizuka/.config/discord/0.0.56/modules/pending/discord_spellcheck-1.zip: 24%
2024-06-13T15:27:06.244Z [Modules] Streaming discord_spellcheck@1 to /home/onizuka/.config/discord/0.0.56/modules/pending/discord_spellcheck-1.zip: 25%
2024-06-13T15:27:06.247Z [Modules] Streaming discord_spellcheck@1 to /home/onizuka/.config/discord/0.0.56/modules/pending/discord_spellcheck-1.zip: 27%
2024-06-13T15:27:06.249Z [Modules] Streaming discord_spellcheck@1 to /home/onizuka/.config/discord/0.0.56/modules/pending/discord_spellcheck-1.zip: 28%
2024-06-13T15:27:06.254Z [Modules] Streaming discord_spellcheck@1 to /home/onizuka/.config/discord/0.0.56/modules/pending/discord_spellcheck-1.zip: 29%
2024-06-13T15:27:06.265Z [Modules] Streaming discord_spellcheck@1 to /home/onizuka/.config/discord/0.0.56/modules/pending/discord_spellcheck-1.zip: 30%
2024-06-13T15:27:06.268Z [Modules] Streaming discord_spellcheck@1 to /home/onizuka/.config/discord/0.0.56/modules/pending/discord_spellcheck-1.zip: 31%
2024-06-13T15:27:06.270Z [Modules] Streaming discord_spellcheck@1 to /home/onizuka/.config/discord/0.0.56/modules/pending/discord_spellcheck-1.zip: 32%
2024-06-13T15:27:06.277Z [Modules] Streaming discord_spellcheck@1 to /home/onizuka/.config/discord/0.0.56/modules/pending/discord_spellcheck-1.zip: 33%
2024-06-13T15:27:06.279Z [Modules] Streaming discord_spellcheck@1 to /home/onizuka/.config/discord/0.0.56/modules/pending/discord_spellcheck-1.zip: 34%
2024-06-13T15:27:06.281Z [Modules] Streaming discord_spellcheck@1 to /home/onizuka/.config/discord/0.0.56/modules/pending/discord_spellcheck-1.zip: 35%
2024-06-13T15:27:06.284Z [Modules] Streaming discord_spellcheck@1 to /home/onizuka/.config/discord/0.0.56/modules/pending/discord_spellcheck-1.zip: 36%
2024-06-13T15:27:06.288Z [Modules] Streaming discord_spellcheck@1 to /home/onizuka/.config/discord/0.0.56/modules/pending/discord_spellcheck-1.zip: 37%
2024-06-13T15:27:06.303Z [Modules] Streaming discord_spellcheck@1 to /home/onizuka/.config/discord/0.0.56/modules/pending/discord_spellcheck-1.zip: 38%
2024-06-13T15:27:06.304Z [Modules] Streaming discord_spellcheck@1 to /home/onizuka/.config/discord/0.0.56/modules/pending/discord_spellcheck-1.zip: 39%
2024-06-13T15:27:06.305Z [Modules] Streaming discord_spellcheck@1 to /home/onizuka/.config/discord/0.0.56/modules/pending/discord_spellcheck-1.zip: 40%
2024-06-13T15:27:06.310Z [Modules] Streaming discord_spellcheck@1 to /home/onizuka/.config/discord/0.0.56/modules/pending/discord_spellcheck-1.zip: 41%
2024-06-13T15:27:06.313Z [Modules] Streaming discord_spellcheck@1 to /home/onizuka/.config/discord/0.0.56/modules/pending/discord_spellcheck-1.zip: 42%
2024-06-13T15:27:06.318Z [Modules] Streaming discord_spellcheck@1 to /home/onizuka/.config/discord/0.0.56/modules/pending/discord_spellcheck-1.zip: 43%
2024-06-13T15:27:06.320Z [Modules] Streaming discord_spellcheck@1 to /home/onizuka/.config/discord/0.0.56/modules/pending/discord_spellcheck-1.zip: 44%
2024-06-13T15:27:06.322Z [Modules] Streaming discord_spellcheck@1 to /home/onizuka/.config/discord/0.0.56/modules/pending/discord_spellcheck-1.zip: 45%
2024-06-13T15:27:06.326Z [Modules] Streaming discord_spellcheck@1 to /home/onizuka/.config/discord/0.0.56/modules/pending/discord_spellcheck-1.zip: 46%
2024-06-13T15:27:06.338Z [Modules] Streaming discord_spellcheck@1 to /home/onizuka/.config/discord/0.0.56/modules/pending/discord_spellcheck-1.zip: 47%
2024-06-13T15:27:06.345Z [Modules] Streaming discord_spellcheck@1 to /home/onizuka/.config/discord/0.0.56/modules/pending/discord_spellcheck-1.zip: 48%
2024-06-13T15:27:06.348Z [Modules] Streaming discord_spellcheck@1 to /home/onizuka/.config/discord/0.0.56/modules/pending/discord_spellcheck-1.zip: 49%
2024-06-13T15:27:06.352Z [Modules] Streaming discord_spellcheck@1 to /home/onizuka/.config/discord/0.0.56/modules/pending/discord_spellcheck-1.zip: 50%
2024-06-13T15:27:06.354Z [Modules] Streaming discord_spellcheck@1 to /home/onizuka/.config/discord/0.0.56/modules/pending/discord_spellcheck-1.zip: 51%
2024-06-13T15:27:06.359Z [Modules] Streaming discord_spellcheck@1 to /home/onizuka/.config/discord/0.0.56/modules/pending/discord_spellcheck-1.zip: 52%
2024-06-13T15:27:06.372Z [Modules] Streaming discord_spellcheck@1 to /home/onizuka/.config/discord/0.0.56/modules/pending/discord_spellcheck-1.zip: 53%
2024-06-13T15:27:06.377Z [Modules] Streaming discord_spellcheck@1 to /home/onizuka/.config/discord/0.0.56/modules/pending/discord_spellcheck-1.zip: 55%
2024-06-13T15:27:06.378Z [Modules] Streaming discord_spellcheck@1 to /home/onizuka/.config/discord/0.0.56/modules/pending/discord_spellcheck-1.zip: 56%
2024-06-13T15:27:06.380Z [Modules] Streaming discord_spellcheck@1 to /home/onizuka/.config/discord/0.0.56/modules/pending/discord_spellcheck-1.zip: 57%
2024-06-13T15:27:06.386Z [Modules] Streaming discord_spellcheck@1 to /home/onizuka/.config/discord/0.0.56/modules/pending/discord_spellcheck-1.zip: 58%
2024-06-13T15:27:06.389Z [Modules] Streaming discord_spellcheck@1 to /home/onizuka/.config/discord/0.0.56/modules/pending/discord_spellcheck-1.zip: 59%
2024-06-13T15:27:06.394Z [Modules] Streaming discord_spellcheck@1 to /home/onizuka/.config/discord/0.0.56/modules/pending/discord_spellcheck-1.zip: 60%
2024-06-13T15:27:06.444Z [Modules] Streaming discord_spellcheck@1 to /home/onizuka/.config/discord/0.0.56/modules/pending/discord_spellcheck-1.zip: 61%
2024-06-13T15:27:06.446Z [Modules] Streaming discord_spellcheck@1 to /home/onizuka/.config/discord/0.0.56/modules/pending/discord_spellcheck-1.zip: 62%
2024-06-13T15:27:06.450Z [Modules] Streaming discord_spellcheck@1 to /home/onizuka/.config/discord/0.0.56/modules/pending/discord_spellcheck-1.zip: 63%
2024-06-13T15:27:06.452Z [Modules] Streaming discord_spellcheck@1 to /home/onizuka/.config/discord/0.0.56/modules/pending/discord_spellcheck-1.zip: 64%
2024-06-13T15:27:06.466Z [Modules] Streaming discord_spellcheck@1 to /home/onizuka/.config/discord/0.0.56/modules/pending/discord_spellcheck-1.zip: 65%
2024-06-13T15:27:06.468Z [Modules] Streaming discord_spellcheck@1 to /home/onizuka/.config/discord/0.0.56/modules/pending/discord_spellcheck-1.zip: 66%
2024-06-13T15:27:06.474Z [Modules] Streaming discord_spellcheck@1 to /home/onizuka/.config/discord/0.0.56/modules/pending/discord_spellcheck-1.zip: 67%
2024-06-13T15:27:06.477Z [Modules] Streaming discord_spellcheck@1 to /home/onizuka/.config/discord/0.0.56/modules/pending/discord_spellcheck-1.zip: 68%
2024-06-13T15:27:06.478Z [Modules] Streaming discord_spellcheck@1 to /home/onizuka/.config/discord/0.0.56/modules/pending/discord_spellcheck-1.zip: 69%
2024-06-13T15:27:06.481Z [Modules] Streaming discord_spellcheck@1 to /home/onizuka/.config/discord/0.0.56/modules/pending/discord_spellcheck-1.zip: 70%
2024-06-13T15:27:06.485Z [Modules] Streaming discord_spellcheck@1 to /home/onizuka/.config/discord/0.0.56/modules/pending/discord_spellcheck-1.zip: 71%
2024-06-13T15:27:06.487Z [Modules] Streaming discord_spellcheck@1 to /home/onizuka/.config/discord/0.0.56/modules/pending/discord_spellcheck-1.zip: 72%
2024-06-13T15:27:06.490Z [Modules] Streaming discord_spellcheck@1 to /home/onizuka/.config/discord/0.0.56/modules/pending/discord_spellcheck-1.zip: 73%
2024-06-13T15:27:06.502Z [Modules] Streaming discord_spellcheck@1 to /home/onizuka/.config/discord/0.0.56/modules/pending/discord_spellcheck-1.zip: 74%
2024-06-13T15:27:06.523Z [Modules] Streaming discord_spellcheck@1 to /home/onizuka/.config/discord/0.0.56/modules/pending/discord_spellcheck-1.zip: 75%
2024-06-13T15:27:06.526Z [Modules] Streaming discord_spellcheck@1 to /home/onizuka/.config/discord/0.0.56/modules/pending/discord_spellcheck-1.zip: 76%
2024-06-13T15:27:06.528Z [Modules] Streaming discord_spellcheck@1 to /home/onizuka/.config/discord/0.0.56/modules/pending/discord_spellcheck-1.zip: 77%
2024-06-13T15:27:06.529Z [Modules] Streaming discord_spellcheck@1 to /home/onizuka/.config/discord/0.0.56/modules/pending/discord_spellcheck-1.zip: 78%
2024-06-13T15:27:06.531Z [Modules] Streaming discord_spellcheck@1 to /home/onizuka/.config/discord/0.0.56/modules/pending/discord_spellcheck-1.zip: 79%
2024-06-13T15:27:06.534Z [Modules] Streaming discord_spellcheck@1 to /home/onizuka/.config/discord/0.0.56/modules/pending/discord_spellcheck-1.zip: 80%
2024-06-13T15:27:06.536Z [Modules] Streaming discord_spellcheck@1 to /home/onizuka/.config/discord/0.0.56/modules/pending/discord_spellcheck-1.zip: 81%
2024-06-13T15:27:06.542Z [Modules] Streaming discord_spellcheck@1 to /home/onizuka/.config/discord/0.0.56/modules/pending/discord_spellcheck-1.zip: 82%
2024-06-13T15:27:06.544Z [Modules] Streaming discord_spellcheck@1 to /home/onizuka/.config/discord/0.0.56/modules/pending/discord_spellcheck-1.zip: 83%
2024-06-13T15:27:06.555Z [Modules] Streaming discord_spellcheck@1 to /home/onizuka/.config/discord/0.0.56/modules/pending/discord_spellcheck-1.zip: 84%
2024-06-13T15:27:06.558Z [Modules] Streaming discord_spellcheck@1 to /home/onizuka/.config/discord/0.0.56/modules/pending/discord_spellcheck-1.zip: 85%
2024-06-13T15:27:06.560Z [Modules] Streaming discord_spellcheck@1 to /home/onizuka/.config/discord/0.0.56/modules/pending/discord_spellcheck-1.zip: 86%
2024-06-13T15:27:06.563Z [Modules] Streaming discord_spellcheck@1 to /home/onizuka/.config/discord/0.0.56/modules/pending/discord_spellcheck-1.zip: 87%
2024-06-13T15:27:06.566Z [Modules] Streaming discord_spellcheck@1 to /home/onizuka/.config/discord/0.0.56/modules/pending/discord_spellcheck-1.zip: 88%
2024-06-13T15:27:06.569Z [Modules] Streaming discord_spellcheck@1 to /home/onizuka/.config/discord/0.0.56/modules/pending/discord_spellcheck-1.zip: 89%
2024-06-13T15:27:06.571Z [Modules] Streaming discord_spellcheck@1 to /home/onizuka/.config/discord/0.0.56/modules/pending/discord_spellcheck-1.zip: 90%
2024-06-13T15:27:06.575Z [Modules] Streaming discord_spellcheck@1 to /home/onizuka/.config/discord/0.0.56/modules/pending/discord_spellcheck-1.zip: 91%
2024-06-13T15:27:06.585Z [Modules] Streaming discord_spellcheck@1 to /home/onizuka/.config/discord/0.0.56/modules/pending/discord_spellcheck-1.zip: 92%
2024-06-13T15:27:06.593Z [Modules] Streaming discord_spellcheck@1 to /home/onizuka/.config/discord/0.0.56/modules/pending/discord_spellcheck-1.zip: 93%
2024-06-13T15:27:06.596Z [Modules] Streaming discord_spellcheck@1 to /home/onizuka/.config/discord/0.0.56/modules/pending/discord_spellcheck-1.zip: 94%
2024-06-13T15:27:06.597Z [Modules] Streaming discord_spellcheck@1 to /home/onizuka/.config/discord/0.0.56/modules/pending/discord_spellcheck-1.zip: 95%
2024-06-13T15:27:06.604Z [Modules] Streaming discord_spellcheck@1 to /home/onizuka/.config/discord/0.0.56/modules/pending/discord_spellcheck-1.zip: 96%
2024-06-13T15:27:06.608Z [Modules] Streaming discord_spellcheck@1 to /home/onizuka/.config/discord/0.0.56/modules/pending/discord_spellcheck-1.zip: 97%
2024-06-13T15:27:06.612Z [Modules] Streaming discord_spellcheck@1 to /home/onizuka/.config/discord/0.0.56/modules/pending/discord_spellcheck-1.zip: 98%
2024-06-13T15:27:06.615Z [Modules] Streaming discord_spellcheck@1 to /home/onizuka/.config/discord/0.0.56/modules/pending/discord_spellcheck-1.zip: 99%
2024-06-13T15:27:06.617Z [Modules] Streaming discord_spellcheck@1 to /home/onizuka/.config/discord/0.0.56/modules/pending/discord_spellcheck-1.zip: 100%
2024-06-13T15:27:06.620Z [Modules] Fetching discord_utils@1 from https://discord.com/api/modules/stable/discord_utils/1
2024-06-13T15:27:06.620Z [Modules] Streaming discord_utils@1 to /home/onizuka/.config/discord/0.0.56/modules/pending/discord_utils-1.zip
2024-06-13T15:27:06.848Z [Modules] Streaming discord_utils@1 to /home/onizuka/.config/discord/0.0.56/modules/pending/discord_utils-1.zip: 1%
2024-06-13T15:27:06.849Z [Modules] Streaming discord_utils@1 to /home/onizuka/.config/discord/0.0.56/modules/pending/discord_utils-1.zip: 3%
2024-06-13T15:27:06.852Z [Modules] Streaming discord_utils@1 to /home/onizuka/.config/discord/0.0.56/modules/pending/discord_utils-1.zip: 5%
2024-06-13T15:27:06.853Z [Modules] Streaming discord_utils@1 to /home/onizuka/.config/discord/0.0.56/modules/pending/discord_utils-1.zip: 7%
2024-06-13T15:27:06.856Z [Modules] Streaming discord_utils@1 to /home/onizuka/.config/discord/0.0.56/modules/pending/discord_utils-1.zip: 9%
2024-06-13T15:27:06.858Z [Modules] Streaming discord_utils@1 to /home/onizuka/.config/discord/0.0.56/modules/pending/discord_utils-1.zip: 10%
2024-06-13T15:27:06.863Z [Modules] Streaming discord_utils@1 to /home/onizuka/.config/discord/0.0.56/modules/pending/discord_utils-1.zip: 12%
2024-06-13T15:27:06.864Z [Modules] Streaming discord_utils@1 to /home/onizuka/.config/discord/0.0.56/modules/pending/discord_utils-1.zip: 13%
2024-06-13T15:27:06.866Z [Modules] Streaming discord_utils@1 to /home/onizuka/.config/discord/0.0.56/modules/pending/discord_utils-1.zip: 15%
2024-06-13T15:27:06.868Z [Modules] Streaming discord_utils@1 to /home/onizuka/.config/discord/0.0.56/modules/pending/discord_utils-1.zip: 17%
2024-06-13T15:27:06.868Z [Modules] Streaming discord_utils@1 to /home/onizuka/.config/discord/0.0.56/modules/pending/discord_utils-1.zip: 18%
2024-06-13T15:27:06.870Z [Modules] Streaming discord_utils@1 to /home/onizuka/.config/discord/0.0.56/modules/pending/discord_utils-1.zip: 20%
2024-06-13T15:27:06.873Z [Modules] Streaming discord_utils@1 to /home/onizuka/.config/discord/0.0.56/modules/pending/discord_utils-1.zip: 22%
2024-06-13T15:27:06.875Z [Modules] Streaming discord_utils@1 to /home/onizuka/.config/discord/0.0.56/modules/pending/discord_utils-1.zip: 23%
2024-06-13T15:27:06.876Z [Modules] Streaming discord_utils@1 to /home/onizuka/.config/discord/0.0.56/modules/pending/discord_utils-1.zip: 26%
2024-06-13T15:27:06.877Z [Modules] Streaming discord_utils@1 to /home/onizuka/.config/discord/0.0.56/modules/pending/discord_utils-1.zip: 27%
2024-06-13T15:27:06.878Z [Modules] Streaming discord_utils@1 to /home/onizuka/.config/discord/0.0.56/modules/pending/discord_utils-1.zip: 29%
2024-06-13T15:27:06.890Z [Modules] Streaming discord_utils@1 to /home/onizuka/.config/discord/0.0.56/modules/pending/discord_utils-1.zip: 31%
2024-06-13T15:27:06.892Z [Modules] Streaming discord_utils@1 to /home/onizuka/.config/discord/0.0.56/modules/pending/discord_utils-1.zip: 32%
2024-06-13T15:27:06.894Z [Modules] Streaming discord_utils@1 to /home/onizuka/.config/discord/0.0.56/modules/pending/discord_utils-1.zip: 33%
2024-06-13T15:27:06.896Z [Modules] Streaming discord_utils@1 to /home/onizuka/.config/discord/0.0.56/modules/pending/discord_utils-1.zip: 35%
2024-06-13T15:27:06.897Z [Modules] Streaming discord_utils@1 to /home/onizuka/.config/discord/0.0.56/modules/pending/discord_utils-1.zip: 38%
2024-06-13T15:27:06.899Z [Modules] Streaming discord_utils@1 to /home/onizuka/.config/discord/0.0.56/modules/pending/discord_utils-1.zip: 40%
2024-06-13T15:27:06.900Z [Modules] Streaming discord_utils@1 to /home/onizuka/.config/discord/0.0.56/modules/pending/discord_utils-1.zip: 41%
2024-06-13T15:27:06.902Z [Modules] Streaming discord_utils@1 to /home/onizuka/.config/discord/0.0.56/modules/pending/discord_utils-1.zip: 43%
2024-06-13T15:27:06.903Z [Modules] Streaming discord_utils@1 to /home/onizuka/.config/discord/0.0.56/modules/pending/discord_utils-1.zip: 44%
2024-06-13T15:27:06.904Z [Modules] Streaming discord_utils@1 to /home/onizuka/.config/discord/0.0.56/modules/pending/discord_utils-1.zip: 46%
2024-06-13T15:27:06.911Z [Modules] Streaming discord_utils@1 to /home/onizuka/.config/discord/0.0.56/modules/pending/discord_utils-1.zip: 48%
2024-06-13T15:27:06.912Z [Modules] Streaming discord_utils@1 to /home/onizuka/.config/discord/0.0.56/modules/pending/discord_utils-1.zip: 49%
2024-06-13T15:27:06.916Z [Modules] Streaming discord_utils@1 to /home/onizuka/.config/discord/0.0.56/modules/pending/discord_utils-1.zip: 51%
2024-06-13T15:27:06.919Z [Modules] Streaming discord_utils@1 to /home/onizuka/.config/discord/0.0.56/modules/pending/discord_utils-1.zip: 53%
2024-06-13T15:27:06.919Z [Modules] Streaming discord_utils@1 to /home/onizuka/.config/discord/0.0.56/modules/pending/discord_utils-1.zip: 54%
2024-06-13T15:27:06.921Z [Modules] Streaming discord_utils@1 to /home/onizuka/.config/discord/0.0.56/modules/pending/discord_utils-1.zip: 56%
2024-06-13T15:27:06.922Z [Modules] Streaming discord_utils@1 to /home/onizuka/.config/discord/0.0.56/modules/pending/discord_utils-1.zip: 57%
2024-06-13T15:27:06.925Z [Modules] Streaming discord_utils@1 to /home/onizuka/.config/discord/0.0.56/modules/pending/discord_utils-1.zip: 59%
2024-06-13T15:27:06.927Z [Modules] Streaming discord_utils@1 to /home/onizuka/.config/discord/0.0.56/modules/pending/discord_utils-1.zip: 61%
2024-06-13T15:27:06.928Z [Modules] Streaming discord_utils@1 to /home/onizuka/.config/discord/0.0.56/modules/pending/discord_utils-1.zip: 62%
2024-06-13T15:27:06.929Z [Modules] Streaming discord_utils@1 to /home/onizuka/.config/discord/0.0.56/modules/pending/discord_utils-1.zip: 64%
2024-06-13T15:27:06.930Z [Modules] Streaming discord_utils@1 to /home/onizuka/.config/discord/0.0.56/modules/pending/discord_utils-1.zip: 65%
2024-06-13T15:27:06.931Z [Modules] Streaming discord_utils@1 to /home/onizuka/.config/discord/0.0.56/modules/pending/discord_utils-1.zip: 67%
2024-06-13T15:27:06.942Z [Modules] Streaming discord_utils@1 to /home/onizuka/.config/discord/0.0.56/modules/pending/discord_utils-1.zip: 69%
2024-06-13T15:27:06.945Z [Modules] Streaming discord_utils@1 to /home/onizuka/.config/discord/0.0.56/modules/pending/discord_utils-1.zip: 71%
2024-06-13T15:27:06.948Z [Modules] Streaming discord_utils@1 to /home/onizuka/.config/discord/0.0.56/modules/pending/discord_utils-1.zip: 73%
2024-06-13T15:27:06.949Z [Modules] Streaming discord_utils@1 to /home/onizuka/.config/discord/0.0.56/modules/pending/discord_utils-1.zip: 74%
2024-06-13T15:27:06.950Z [Modules] Streaming discord_utils@1 to /home/onizuka/.config/discord/0.0.56/modules/pending/discord_utils-1.zip: 76%
2024-06-13T15:27:06.953Z [Modules] Streaming discord_utils@1 to /home/onizuka/.config/discord/0.0.56/modules/pending/discord_utils-1.zip: 80%
2024-06-13T15:27:06.955Z [Modules] Streaming discord_utils@1 to /home/onizuka/.config/discord/0.0.56/modules/pending/discord_utils-1.zip: 82%
2024-06-13T15:27:06.958Z [Modules] Streaming discord_utils@1 to /home/onizuka/.config/discord/0.0.56/modules/pending/discord_utils-1.zip: 83%
2024-06-13T15:27:06.961Z [Modules] Streaming discord_utils@1 to /home/onizuka/.config/discord/0.0.56/modules/pending/discord_utils-1.zip: 86%
2024-06-13T15:27:06.962Z [Modules] Streaming discord_utils@1 to /home/onizuka/.config/discord/0.0.56/modules/pending/discord_utils-1.zip: 90%
2024-06-13T15:27:06.964Z [Modules] Streaming discord_utils@1 to /home/onizuka/.config/discord/0.0.56/modules/pending/discord_utils-1.zip: 92%
2024-06-13T15:27:06.965Z [Modules] Streaming discord_utils@1 to /home/onizuka/.config/discord/0.0.56/modules/pending/discord_utils-1.zip: 93%
2024-06-13T15:27:06.967Z [Modules] Streaming discord_utils@1 to /home/onizuka/.config/discord/0.0.56/modules/pending/discord_utils-1.zip: 95%
2024-06-13T15:27:06.968Z [Modules] Streaming discord_utils@1 to /home/onizuka/.config/discord/0.0.56/modules/pending/discord_utils-1.zip: 96%
2024-06-13T15:27:06.982Z [Modules] Streaming discord_utils@1 to /home/onizuka/.config/discord/0.0.56/modules/pending/discord_utils-1.zip: 98%
2024-06-13T15:27:06.983Z [Modules] Streaming discord_utils@1 to /home/onizuka/.config/discord/0.0.56/modules/pending/discord_utils-1.zip: 100%
2024-06-13T15:27:06.985Z [Modules] Fetching discord_voice@1 from https://discord.com/api/modules/stable/discord_voice/1
2024-06-13T15:27:06.985Z [Modules] Streaming discord_voice@1 to /home/onizuka/.config/discord/0.0.56/modules/pending/discord_voice-1.zip
2024-06-13T15:27:07.255Z [Modules] Streaming discord_voice@1 to /home/onizuka/.config/discord/0.0.56/modules/pending/discord_voice-1.zip: 1%
2024-06-13T15:27:07.260Z [Modules] Streaming discord_voice@1 to /home/onizuka/.config/discord/0.0.56/modules/pending/discord_voice-1.zip: 2%
2024-06-13T15:27:07.267Z [Modules] Streaming discord_voice@1 to /home/onizuka/.config/discord/0.0.56/modules/pending/discord_voice-1.zip: 3%
2024-06-13T15:27:07.272Z [Modules] Streaming discord_voice@1 to /home/onizuka/.config/discord/0.0.56/modules/pending/discord_voice-1.zip: 4%
2024-06-13T15:27:07.288Z [Modules] Streaming discord_voice@1 to /home/onizuka/.config/discord/0.0.56/modules/pending/discord_voice-1.zip: 5%
2024-06-13T15:27:07.299Z [Modules] Streaming discord_voice@1 to /home/onizuka/.config/discord/0.0.56/modules/pending/discord_voice-1.zip: 6%
2024-06-13T15:27:07.347Z [Modules] Streaming discord_voice@1 to /home/onizuka/.config/discord/0.0.56/modules/pending/discord_voice-1.zip: 7%
2024-06-13T15:27:07.353Z [Modules] Streaming discord_voice@1 to /home/onizuka/.config/discord/0.0.56/modules/pending/discord_voice-1.zip: 8%
2024-06-13T15:27:07.367Z [Modules] Streaming discord_voice@1 to /home/onizuka/.config/discord/0.0.56/modules/pending/discord_voice-1.zip: 9%
2024-06-13T15:27:07.377Z [Modules] Streaming discord_voice@1 to /home/onizuka/.config/discord/0.0.56/modules/pending/discord_voice-1.zip: 10%
2024-06-13T15:27:07.382Z [Modules] Streaming discord_voice@1 to /home/onizuka/.config/discord/0.0.56/modules/pending/discord_voice-1.zip: 11%
2024-06-13T15:27:07.391Z [Modules] Streaming discord_voice@1 to /home/onizuka/.config/discord/0.0.56/modules/pending/discord_voice-1.zip: 12%
2024-06-13T15:27:07.413Z [Modules] Streaming discord_voice@1 to /home/onizuka/.config/discord/0.0.56/modules/pending/discord_voice-1.zip: 13%
2024-06-13T15:27:07.425Z [Modules] Streaming discord_voice@1 to /home/onizuka/.config/discord/0.0.56/modules/pending/discord_voice-1.zip: 14%
2024-06-13T15:27:07.430Z [Modules] Streaming discord_voice@1 to /home/onizuka/.config/discord/0.0.56/modules/pending/discord_voice-1.zip: 15%
2024-06-13T15:27:07.443Z [Modules] Streaming discord_voice@1 to /home/onizuka/.config/discord/0.0.56/modules/pending/discord_voice-1.zip: 16%
2024-06-13T15:27:07.464Z [Modules] Streaming discord_voice@1 to /home/onizuka/.config/discord/0.0.56/modules/pending/discord_voice-1.zip: 17%
2024-06-13T15:27:07.470Z [Modules] Streaming discord_voice@1 to /home/onizuka/.config/discord/0.0.56/modules/pending/discord_voice-1.zip: 18%
2024-06-13T15:27:07.516Z [Modules] Streaming discord_voice@1 to /home/onizuka/.config/discord/0.0.56/modules/pending/discord_voice-1.zip: 19%
2024-06-13T15:27:07.521Z [Modules] Streaming discord_voice@1 to /home/onizuka/.config/discord/0.0.56/modules/pending/discord_voice-1.zip: 20%
2024-06-13T15:27:07.540Z [Modules] Streaming discord_voice@1 to /home/onizuka/.config/discord/0.0.56/modules/pending/discord_voice-1.zip: 21%
2024-06-13T15:27:07.546Z [Modules] Streaming discord_voice@1 to /home/onizuka/.config/discord/0.0.56/modules/pending/discord_voice-1.zip: 22%
2024-06-13T15:27:07.555Z [Modules] Streaming discord_voice@1 to /home/onizuka/.config/discord/0.0.56/modules/pending/discord_voice-1.zip: 23%
2024-06-13T15:27:07.562Z [Modules] Streaming discord_voice@1 to /home/onizuka/.config/discord/0.0.56/modules/pending/discord_voice-1.zip: 24%
2024-06-13T15:27:07.567Z [Modules] Streaming discord_voice@1 to /home/onizuka/.config/discord/0.0.56/modules/pending/discord_voice-1.zip: 25%
2024-06-13T15:27:07.591Z [Modules] Streaming discord_voice@1 to /home/onizuka/.config/discord/0.0.56/modules/pending/discord_voice-1.zip: 26%
2024-06-13T15:27:07.594Z [Modules] Streaming discord_voice@1 to /home/onizuka/.config/discord/0.0.56/modules/pending/discord_voice-1.zip: 27%
2024-06-13T15:27:07.605Z [Modules] Streaming discord_voice@1 to /home/onizuka/.config/discord/0.0.56/modules/pending/discord_voice-1.zip: 28%
2024-06-13T15:27:07.611Z [Modules] Streaming discord_voice@1 to /home/onizuka/.config/discord/0.0.56/modules/pending/discord_voice-1.zip: 29%
2024-06-13T15:27:07.619Z [Modules] Streaming discord_voice@1 to /home/onizuka/.config/discord/0.0.56/modules/pending/discord_voice-1.zip: 30%
2024-06-13T15:27:07.637Z [Modules] Streaming discord_voice@1 to /home/onizuka/.config/discord/0.0.56/modules/pending/discord_voice-1.zip: 31%
2024-06-13T15:27:07.644Z [Modules] Streaming discord_voice@1 to /home/onizuka/.config/discord/0.0.56/modules/pending/discord_voice-1.zip: 32%
2024-06-13T15:27:07.651Z [Modules] Streaming discord_voice@1 to /home/onizuka/.config/discord/0.0.56/modules/pending/discord_voice-1.zip: 33%
2024-06-13T15:27:07.657Z [Modules] Streaming discord_voice@1 to /home/onizuka/.config/discord/0.0.56/modules/pending/discord_voice-1.zip: 34%
2024-06-13T15:27:07.677Z [Modules] Streaming discord_voice@1 to /home/onizuka/.config/discord/0.0.56/modules/pending/discord_voice-1.zip: 35%
2024-06-13T15:27:07.682Z [Modules] Streaming discord_voice@1 to /home/onizuka/.config/discord/0.0.56/modules/pending/discord_voice-1.zip: 36%
2024-06-13T15:27:07.693Z [Modules] Streaming discord_voice@1 to /home/onizuka/.config/discord/0.0.56/modules/pending/discord_voice-1.zip: 37%
2024-06-13T15:27:07.699Z [Modules] Streaming discord_voice@1 to /home/onizuka/.config/discord/0.0.56/modules/pending/discord_voice-1.zip: 38%
2024-06-13T15:27:07.706Z [Modules] Streaming discord_voice@1 to /home/onizuka/.config/discord/0.0.56/modules/pending/discord_voice-1.zip: 39%
2024-06-13T15:27:07.724Z [Modules] Streaming discord_voice@1 to /home/onizuka/.config/discord/0.0.56/modules/pending/discord_voice-1.zip: 40%
2024-06-13T15:27:07.728Z [Modules] Streaming discord_voice@1 to /home/onizuka/.config/discord/0.0.56/modules/pending/discord_voice-1.zip: 41%
2024-06-13T15:27:07.735Z [Modules] Streaming discord_voice@1 to /home/onizuka/.config/discord/0.0.56/modules/pending/discord_voice-1.zip: 42%
2024-06-13T15:27:07.743Z [Modules] Streaming discord_voice@1 to /home/onizuka/.config/discord/0.0.56/modules/pending/discord_voice-1.zip: 43%
2024-06-13T15:27:07.770Z [Modules] Streaming discord_voice@1 to /home/onizuka/.config/discord/0.0.56/modules/pending/discord_voice-1.zip: 44%
2024-06-13T15:27:07.779Z [Modules] Streaming discord_voice@1 to /home/onizuka/.config/discord/0.0.56/modules/pending/discord_voice-1.zip: 45%
2024-06-13T15:27:07.787Z [Modules] Streaming discord_voice@1 to /home/onizuka/.config/discord/0.0.56/modules/pending/discord_voice-1.zip: 46%
2024-06-13T15:27:07.793Z [Modules] Streaming discord_voice@1 to /home/onizuka/.config/discord/0.0.56/modules/pending/discord_voice-1.zip: 47%
2024-06-13T15:27:07.800Z [Modules] Streaming discord_voice@1 to /home/onizuka/.config/discord/0.0.56/modules/pending/discord_voice-1.zip: 48%
2024-06-13T15:27:07.816Z [Modules] Streaming discord_voice@1 to /home/onizuka/.config/discord/0.0.56/modules/pending/discord_voice-1.zip: 49%
2024-06-13T15:27:07.825Z [Modules] Streaming discord_voice@1 to /home/onizuka/.config/discord/0.0.56/modules/pending/discord_voice-1.zip: 50%
2024-06-13T15:27:07.833Z [Modules] Streaming discord_voice@1 to /home/onizuka/.config/discord/0.0.56/modules/pending/discord_voice-1.zip: 51%
2024-06-13T15:27:07.842Z [Modules] Streaming discord_voice@1 to /home/onizuka/.config/discord/0.0.56/modules/pending/discord_voice-1.zip: 52%
2024-06-13T15:27:07.848Z [Modules] Streaming discord_voice@1 to /home/onizuka/.config/discord/0.0.56/modules/pending/discord_voice-1.zip: 53%
2024-06-13T15:27:07.859Z [Modules] Streaming discord_voice@1 to /home/onizuka/.config/discord/0.0.56/modules/pending/discord_voice-1.zip: 54%
2024-06-13T15:27:07.867Z [Modules] Streaming discord_voice@1 to /home/onizuka/.config/discord/0.0.56/modules/pending/discord_voice-1.zip: 55%
2024-06-13T15:27:07.881Z [Modules] Streaming discord_voice@1 to /home/onizuka/.config/discord/0.0.56/modules/pending/discord_voice-1.zip: 56%
2024-06-13T15:27:07.888Z [Modules] Streaming discord_voice@1 to /home/onizuka/.config/discord/0.0.56/modules/pending/discord_voice-1.zip: 57%
2024-06-13T15:27:07.895Z [Modules] Streaming discord_voice@1 to /home/onizuka/.config/discord/0.0.56/modules/pending/discord_voice-1.zip: 58%
2024-06-13T15:27:07.903Z [Modules] Streaming discord_voice@1 to /home/onizuka/.config/discord/0.0.56/modules/pending/discord_voice-1.zip: 59%
2024-06-13T15:27:07.912Z [Modules] Streaming discord_voice@1 to /home/onizuka/.config/discord/0.0.56/modules/pending/discord_voice-1.zip: 60%
2024-06-13T15:27:07.918Z [Modules] Streaming discord_voice@1 to /home/onizuka/.config/discord/0.0.56/modules/pending/discord_voice-1.zip: 61%
2024-06-13T15:27:07.944Z [Modules] Streaming discord_voice@1 to /home/onizuka/.config/discord/0.0.56/modules/pending/discord_voice-1.zip: 62%
2024-06-13T15:27:07.965Z [Modules] Streaming discord_voice@1 to /home/onizuka/.config/discord/0.0.56/modules/pending/discord_voice-1.zip: 63%
2024-06-13T15:27:07.972Z [Modules] Streaming discord_voice@1 to /home/onizuka/.config/discord/0.0.56/modules/pending/discord_voice-1.zip: 64%
2024-06-13T15:27:07.978Z [Modules] Streaming discord_voice@1 to /home/onizuka/.config/discord/0.0.56/modules/pending/discord_voice-1.zip: 65%
2024-06-13T15:27:07.984Z [Modules] Streaming discord_voice@1 to /home/onizuka/.config/discord/0.0.56/modules/pending/discord_voice-1.zip: 66%
2024-06-13T15:27:07.991Z [Modules] Streaming discord_voice@1 to /home/onizuka/.config/discord/0.0.56/modules/pending/discord_voice-1.zip: 67%
2024-06-13T15:27:08.013Z [Modules] Streaming discord_voice@1 to /home/onizuka/.config/discord/0.0.56/modules/pending/discord_voice-1.zip: 68%
2024-06-13T15:27:08.017Z [Modules] Streaming discord_voice@1 to /home/onizuka/.config/discord/0.0.56/modules/pending/discord_voice-1.zip: 69%
2024-06-13T15:27:08.024Z [Modules] Streaming discord_voice@1 to /home/onizuka/.config/discord/0.0.56/modules/pending/discord_voice-1.zip: 70%
2024-06-13T15:27:08.044Z [Modules] Streaming discord_voice@1 to /home/onizuka/.config/discord/0.0.56/modules/pending/discord_voice-1.zip: 71%
2024-06-13T15:27:08.050Z [Modules] Streaming discord_voice@1 to /home/onizuka/.config/discord/0.0.56/modules/pending/discord_voice-1.zip: 72%
2024-06-13T15:27:08.058Z [Modules] Streaming discord_voice@1 to /home/onizuka/.config/discord/0.0.56/modules/pending/discord_voice-1.zip: 73%
2024-06-13T15:27:08.076Z [Modules] Streaming discord_voice@1 to /home/onizuka/.config/discord/0.0.56/modules/pending/discord_voice-1.zip: 74%
2024-06-13T15:27:08.082Z [Modules] Streaming discord_voice@1 to /home/onizuka/.config/discord/0.0.56/modules/pending/discord_voice-1.zip: 75%
2024-06-13T15:27:08.091Z [Modules] Streaming discord_voice@1 to /home/onizuka/.config/discord/0.0.56/modules/pending/discord_voice-1.zip: 76%
2024-06-13T15:27:08.097Z [Modules] Streaming discord_voice@1 to /home/onizuka/.config/discord/0.0.56/modules/pending/discord_voice-1.zip: 77%
2024-06-13T15:27:08.119Z [Modules] Streaming discord_voice@1 to /home/onizuka/.config/discord/0.0.56/modules/pending/discord_voice-1.zip: 78%
2024-06-13T15:27:08.127Z [Modules] Streaming discord_voice@1 to /home/onizuka/.config/discord/0.0.56/modules/pending/discord_voice-1.zip: 79%
2024-06-13T15:27:08.165Z [Modules] Streaming discord_voice@1 to /home/onizuka/.config/discord/0.0.56/modules/pending/discord_voice-1.zip: 80%
2024-06-13T15:27:08.169Z [Modules] Streaming discord_voice@1 to /home/onizuka/.config/discord/0.0.56/modules/pending/discord_voice-1.zip: 81%
2024-06-13T15:27:08.175Z [Modules] Streaming discord_voice@1 to /home/onizuka/.config/discord/0.0.56/modules/pending/discord_voice-1.zip: 82%
2024-06-13T15:27:08.191Z [Modules] Streaming discord_voice@1 to /home/onizuka/.config/discord/0.0.56/modules/pending/discord_voice-1.zip: 83%
2024-06-13T15:27:08.198Z [Modules] Streaming discord_voice@1 to /home/onizuka/.config/discord/0.0.56/modules/pending/discord_voice-1.zip: 84%
2024-06-13T15:27:08.209Z [Modules] Streaming discord_voice@1 to /home/onizuka/.config/discord/0.0.56/modules/pending/discord_voice-1.zip: 85%
2024-06-13T15:27:08.226Z [Modules] Streaming discord_voice@1 to /home/onizuka/.config/discord/0.0.56/modules/pending/discord_voice-1.zip: 86%
2024-06-13T15:27:08.235Z [Modules] Streaming discord_voice@1 to /home/onizuka/.config/discord/0.0.56/modules/pending/discord_voice-1.zip: 87%
2024-06-13T15:27:08.244Z [Modules] Streaming discord_voice@1 to /home/onizuka/.config/discord/0.0.56/modules/pending/discord_voice-1.zip: 88%
2024-06-13T15:27:08.250Z [Modules] Streaming discord_voice@1 to /home/onizuka/.config/discord/0.0.56/modules/pending/discord_voice-1.zip: 89%
2024-06-13T15:27:08.259Z [Modules] Streaming discord_voice@1 to /home/onizuka/.config/discord/0.0.56/modules/pending/discord_voice-1.zip: 90%
2024-06-13T15:27:08.265Z [Modules] Streaming discord_voice@1 to /home/onizuka/.config/discord/0.0.56/modules/pending/discord_voice-1.zip: 91%
2024-06-13T15:27:08.281Z [Modules] Streaming discord_voice@1 to /home/onizuka/.config/discord/0.0.56/modules/pending/discord_voice-1.zip: 92%
2024-06-13T15:27:08.290Z [Modules] Streaming discord_voice@1 to /home/onizuka/.config/discord/0.0.56/modules/pending/discord_voice-1.zip: 93%
2024-06-13T15:27:08.293Z [Modules] Streaming discord_voice@1 to /home/onizuka/.config/discord/0.0.56/modules/pending/discord_voice-1.zip: 94%
2024-06-13T15:27:08.306Z [Modules] Streaming discord_voice@1 to /home/onizuka/.config/discord/0.0.56/modules/pending/discord_voice-1.zip: 95%
2024-06-13T15:27:08.311Z [Modules] Streaming discord_voice@1 to /home/onizuka/.config/discord/0.0.56/modules/pending/discord_voice-1.zip: 96%
2024-06-13T15:27:08.331Z [Modules] Streaming discord_voice@1 to /home/onizuka/.config/discord/0.0.56/modules/pending/discord_voice-1.zip: 97%
2024-06-13T15:27:08.335Z [Modules] Streaming discord_voice@1 to /home/onizuka/.config/discord/0.0.56/modules/pending/discord_voice-1.zip: 98%
2024-06-13T15:27:08.347Z [Modules] Streaming discord_voice@1 to /home/onizuka/.config/discord/0.0.56/modules/pending/discord_voice-1.zip: 99%
2024-06-13T15:27:08.357Z [Modules] Streaming discord_voice@1 to /home/onizuka/.config/discord/0.0.56/modules/pending/discord_voice-1.zip: 100%
2024-06-13T15:27:08.359Z [Modules] Fetching discord_zstd@1 from https://discord.com/api/modules/stable/discord_zstd/1
2024-06-13T15:27:08.359Z [Modules] Streaming discord_zstd@1 to /home/onizuka/.config/discord/0.0.56/modules/pending/discord_zstd-1.zip
2024-06-13T15:27:08.582Z [Modules] Streaming discord_zstd@1 to /home/onizuka/.config/discord/0.0.56/modules/pending/discord_zstd-1.zip: 16%
2024-06-13T15:27:08.583Z [Modules] Streaming discord_zstd@1 to /home/onizuka/.config/discord/0.0.56/modules/pending/discord_zstd-1.zip: 35%
2024-06-13T15:27:08.584Z [Modules] Streaming discord_zstd@1 to /home/onizuka/.config/discord/0.0.56/modules/pending/discord_zstd-1.zip: 56%
2024-06-13T15:27:08.586Z [Modules] Streaming discord_zstd@1 to /home/onizuka/.config/discord/0.0.56/modules/pending/discord_zstd-1.zip: 72%
2024-06-13T15:27:08.589Z [Modules] Streaming discord_zstd@1 to /home/onizuka/.config/discord/0.0.56/modules/pending/discord_zstd-1.zip: 100%
2024-06-13T15:27:08.593Z [Modules] Finished module downloads. [success: 6] [failure: 0]
2024-06-13T15:27:08.593Z [Modules] Installing updates...
2024-06-13T15:27:08.594Z [Modules] Installing discord_desktop_core@1 from /home/onizuka/.config/discord/0.0.56/modules/pending/discord_desktop_core-1.zip
2024-06-13T15:27:08.741Z [Modules] Installing discord_erlpack@1 from /home/onizuka/.config/discord/0.0.56/modules/pending/discord_erlpack-1.zip
2024-06-13T15:27:08.830Z [Modules] Installing discord_spellcheck@1 from /home/onizuka/.config/discord/0.0.56/modules/pending/discord_spellcheck-1.zip
2024-06-13T15:27:10.160Z [Modules] Installing discord_utils@1 from /home/onizuka/.config/discord/0.0.56/modules/pending/discord_utils-1.zip
2024-06-13T15:27:10.347Z [Modules] Installing discord_voice@1 from /home/onizuka/.config/discord/0.0.56/modules/pending/discord_voice-1.zip
2024-06-13T15:27:11.174Z [Modules] Installing discord_zstd@1 from /home/onizuka/.config/discord/0.0.56/modules/pending/discord_zstd-1.zip
2024-06-13T15:27:11.193Z [Modules] Finished module installations. [success: 6] [failure: 0]
2024-06-13T15:27:11.193Z [Modules] Checking for host updates.
2024-06-13T15:27:11.426Z [Modules] Host is up to date.
2024-06-13T15:27:11.426Z [Modules] Checking for module updates at https://discord.com/api/modules/stable/versions.json
2024-06-13T15:27:11.431Z [Modules] No module updates available.
2024-06-13T15:27:13.269Z [Modules] Starting to install discord_krisp...
2024-06-13T15:27:13.270Z [Modules] Fetching discord_krisp@1 from https://discord.com/api/modules/stable/discord_krisp/1
2024-06-13T15:27:13.270Z [Modules] Streaming discord_krisp@1 to /home/onizuka/.config/discord/0.0.56/modules/pending/discord_krisp-1.zip
2024-06-13T15:27:13.281Z [Modules] Starting to install discord_game_utils...
2024-06-13T15:27:13.572Z [Modules] Streaming discord_krisp@1 to /home/onizuka/.config/discord/0.0.56/modules/pending/discord_krisp-1.zip: 1%
2024-06-13T15:27:13.577Z [Modules] Streaming discord_krisp@1 to /home/onizuka/.config/discord/0.0.56/modules/pending/discord_krisp-1.zip: 2%
2024-06-13T15:27:13.593Z [Modules] Streaming discord_krisp@1 to /home/onizuka/.config/discord/0.0.56/modules/pending/discord_krisp-1.zip: 3%
2024-06-13T15:27:13.626Z [Modules] Streaming discord_krisp@1 to /home/onizuka/.config/discord/0.0.56/modules/pending/discord_krisp-1.zip: 4%
2024-06-13T15:27:13.631Z [Modules] Streaming discord_krisp@1 to /home/onizuka/.config/discord/0.0.56/modules/pending/discord_krisp-1.zip: 5%
2024-06-13T15:27:13.643Z [Modules] Streaming discord_krisp@1 to /home/onizuka/.config/discord/0.0.56/modules/pending/discord_krisp-1.zip: 6%
2024-06-13T15:27:13.664Z [Modules] Streaming discord_krisp@1 to /home/onizuka/.config/discord/0.0.56/modules/pending/discord_krisp-1.zip: 7%
2024-06-13T15:27:13.676Z [Modules] Streaming discord_krisp@1 to /home/onizuka/.config/discord/0.0.56/modules/pending/discord_krisp-1.zip: 8%
2024-06-13T15:27:13.685Z [Modules] Streaming discord_krisp@1 to /home/onizuka/.config/discord/0.0.56/modules/pending/discord_krisp-1.zip: 9%
2024-06-13T15:27:13.691Z [Modules] Streaming discord_krisp@1 to /home/onizuka/.config/discord/0.0.56/modules/pending/discord_krisp-1.zip: 10%
2024-06-13T15:27:13.702Z [Modules] Streaming discord_krisp@1 to /home/onizuka/.config/discord/0.0.56/modules/pending/discord_krisp-1.zip: 11%
2024-06-13T15:27:13.728Z [Modules] Streaming discord_krisp@1 to /home/onizuka/.config/discord/0.0.56/modules/pending/discord_krisp-1.zip: 12%
2024-06-13T15:27:13.747Z [Modules] Streaming discord_krisp@1 to /home/onizuka/.config/discord/0.0.56/modules/pending/discord_krisp-1.zip: 13%
2024-06-13T15:27:13.755Z [Modules] Streaming discord_krisp@1 to /home/onizuka/.config/discord/0.0.56/modules/pending/discord_krisp-1.zip: 14%
2024-06-13T15:27:13.772Z [Modules] Streaming discord_krisp@1 to /home/onizuka/.config/discord/0.0.56/modules/pending/discord_krisp-1.zip: 15%
2024-06-13T15:27:13.788Z [Modules] Streaming discord_krisp@1 to /home/onizuka/.config/discord/0.0.56/modules/pending/discord_krisp-1.zip: 16%
2024-06-13T15:27:13.825Z [Modules] Streaming discord_krisp@1 to /home/onizuka/.config/discord/0.0.56/modules/pending/discord_krisp-1.zip: 17%
2024-06-13T15:27:13.827Z [Modules] Streaming discord_krisp@1 to /home/onizuka/.config/discord/0.0.56/modules/pending/discord_krisp-1.zip: 18%
2024-06-13T15:27:13.828Z [Modules] Streaming discord_krisp@1 to /home/onizuka/.config/discord/0.0.56/modules/pending/discord_krisp-1.zip: 19%
2024-06-13T15:27:13.829Z [Modules] Streaming discord_krisp@1 to /home/onizuka/.config/discord/0.0.56/modules/pending/discord_krisp-1.zip: 20%
2024-06-13T15:27:13.839Z [Modules] Streaming discord_krisp@1 to /home/onizuka/.config/discord/0.0.56/modules/pending/discord_krisp-1.zip: 21%
2024-06-13T15:27:13.860Z [Modules] Streaming discord_krisp@1 to /home/onizuka/.config/discord/0.0.56/modules/pending/discord_krisp-1.zip: 22%
2024-06-13T15:27:13.871Z [Modules] Streaming discord_krisp@1 to /home/onizuka/.config/discord/0.0.56/modules/pending/discord_krisp-1.zip: 23%
2024-06-13T15:27:13.881Z [Modules] Streaming discord_krisp@1 to /home/onizuka/.config/discord/0.0.56/modules/pending/discord_krisp-1.zip: 24%
2024-06-13T15:27:13.888Z [Modules] Streaming discord_krisp@1 to /home/onizuka/.config/discord/0.0.56/modules/pending/discord_krisp-1.zip: 25%
2024-06-13T15:27:13.914Z [Modules] Streaming discord_krisp@1 to /home/onizuka/.config/discord/0.0.56/modules/pending/discord_krisp-1.zip: 26%
2024-06-13T15:27:13.919Z [Modules] Streaming discord_krisp@1 to /home/onizuka/.config/discord/0.0.56/modules/pending/discord_krisp-1.zip: 27%
2024-06-13T15:27:13.923Z [Modules] Streaming discord_krisp@1 to /home/onizuka/.config/discord/0.0.56/modules/pending/discord_krisp-1.zip: 28%
2024-06-13T15:27:13.930Z [Modules] Streaming discord_krisp@1 to /home/onizuka/.config/discord/0.0.56/modules/pending/discord_krisp-1.zip: 29%
2024-06-13T15:27:13.941Z [Modules] Streaming discord_krisp@1 to /home/onizuka/.config/discord/0.0.56/modules/pending/discord_krisp-1.zip: 30%
2024-06-13T15:27:13.946Z [Modules] Streaming discord_krisp@1 to /home/onizuka/.config/discord/0.0.56/modules/pending/discord_krisp-1.zip: 31%
2024-06-13T15:27:13.989Z [Modules] Streaming discord_krisp@1 to /home/onizuka/.config/discord/0.0.56/modules/pending/discord_krisp-1.zip: 32%
2024-06-13T15:27:13.990Z [Modules] Streaming discord_krisp@1 to /home/onizuka/.config/discord/0.0.56/modules/pending/discord_krisp-1.zip: 33%
2024-06-13T15:27:13.997Z [Modules] Streaming discord_krisp@1 to /home/onizuka/.config/discord/0.0.56/modules/pending/discord_krisp-1.zip: 34%
2024-06-13T15:27:14.010Z [Modules] Streaming discord_krisp@1 to /home/onizuka/.config/discord/0.0.56/modules/pending/discord_krisp-1.zip: 35%
2024-06-13T15:27:14.018Z [Modules] Streaming discord_krisp@1 to /home/onizuka/.config/discord/0.0.56/modules/pending/discord_krisp-1.zip: 36%
2024-06-13T15:27:14.031Z [Modules] Streaming discord_krisp@1 to /home/onizuka/.config/discord/0.0.56/modules/pending/discord_krisp-1.zip: 37%
2024-06-13T15:27:14.038Z [Modules] Streaming discord_krisp@1 to /home/onizuka/.config/discord/0.0.56/modules/pending/discord_krisp-1.zip: 38%
2024-06-13T15:27:14.080Z [Modules] Streaming discord_krisp@1 to /home/onizuka/.config/discord/0.0.56/modules/pending/discord_krisp-1.zip: 39%
2024-06-13T15:27:14.090Z [Modules] Streaming discord_krisp@1 to /home/onizuka/.config/discord/0.0.56/modules/pending/discord_krisp-1.zip: 40%
2024-06-13T15:27:14.108Z [Modules] Streaming discord_krisp@1 to /home/onizuka/.config/discord/0.0.56/modules/pending/discord_krisp-1.zip: 41%
2024-06-13T15:27:14.125Z [Modules] Streaming discord_krisp@1 to /home/onizuka/.config/discord/0.0.56/modules/pending/discord_krisp-1.zip: 42%
2024-06-13T15:27:14.131Z [Modules] Streaming discord_krisp@1 to /home/onizuka/.config/discord/0.0.56/modules/pending/discord_krisp-1.zip: 43%
2024-06-13T15:27:14.139Z [Modules] Streaming discord_krisp@1 to /home/onizuka/.config/discord/0.0.56/modules/pending/discord_krisp-1.zip: 44%
2024-06-13T15:27:14.146Z [Modules] Streaming discord_krisp@1 to /home/onizuka/.config/discord/0.0.56/modules/pending/discord_krisp-1.zip: 45%
2024-06-13T15:27:14.185Z [Modules] Streaming discord_krisp@1 to /home/onizuka/.config/discord/0.0.56/modules/pending/discord_krisp-1.zip: 46%
2024-06-13T15:27:14.206Z [Modules] Streaming discord_krisp@1 to /home/onizuka/.config/discord/0.0.56/modules/pending/discord_krisp-1.zip: 47%
2024-06-13T15:27:14.217Z [Modules] Streaming discord_krisp@1 to /home/onizuka/.config/discord/0.0.56/modules/pending/discord_krisp-1.zip: 48%
2024-06-13T15:27:14.226Z [Modules] Streaming discord_krisp@1 to /home/onizuka/.config/discord/0.0.56/modules/pending/discord_krisp-1.zip: 49%
2024-06-13T15:27:14.231Z [Modules] Streaming discord_krisp@1 to /home/onizuka/.config/discord/0.0.56/modules/pending/discord_krisp-1.zip: 50%
2024-06-13T15:27:14.282Z [Modules] Streaming discord_krisp@1 to /home/onizuka/.config/discord/0.0.56/modules/pending/discord_krisp-1.zip: 51%
2024-06-13T15:27:14.331Z [Modules] Streaming discord_krisp@1 to /home/onizuka/.config/discord/0.0.56/modules/pending/discord_krisp-1.zip: 52%
2024-06-13T15:27:14.338Z [Modules] Streaming discord_krisp@1 to /home/onizuka/.config/discord/0.0.56/modules/pending/discord_krisp-1.zip: 53%
2024-06-13T15:27:14.357Z [Modules] Streaming discord_krisp@1 to /home/onizuka/.config/discord/0.0.56/modules/pending/discord_krisp-1.zip: 54%
2024-06-13T15:27:14.362Z [Modules] Streaming discord_krisp@1 to /home/onizuka/.config/discord/0.0.56/modules/pending/discord_krisp-1.zip: 55%
2024-06-13T15:27:14.375Z [Modules] Streaming discord_krisp@1 to /home/onizuka/.config/discord/0.0.56/modules/pending/discord_krisp-1.zip: 56%
2024-06-13T15:27:14.378Z [Modules] Streaming discord_krisp@1 to /home/onizuka/.config/discord/0.0.56/modules/pending/discord_krisp-1.zip: 57%
2024-06-13T15:27:14.435Z [Modules] Streaming discord_krisp@1 to /home/onizuka/.config/discord/0.0.56/modules/pending/discord_krisp-1.zip: 58%
2024-06-13T15:27:14.442Z [Modules] Streaming discord_krisp@1 to /home/onizuka/.config/discord/0.0.56/modules/pending/discord_krisp-1.zip: 59%
2024-06-13T15:27:14.448Z [Modules] Streaming discord_krisp@1 to /home/onizuka/.config/discord/0.0.56/modules/pending/discord_krisp-1.zip: 60%
2024-06-13T15:27:14.462Z [Modules] Streaming discord_krisp@1 to /home/onizuka/.config/discord/0.0.56/modules/pending/discord_krisp-1.zip: 61%
2024-06-13T15:27:14.471Z [Modules] Streaming discord_krisp@1 to /home/onizuka/.config/discord/0.0.56/modules/pending/discord_krisp-1.zip: 62%
2024-06-13T15:27:14.491Z [Modules] Streaming discord_krisp@1 to /home/onizuka/.config/discord/0.0.56/modules/pending/discord_krisp-1.zip: 63%
2024-06-13T15:27:14.500Z [Modules] Streaming discord_krisp@1 to /home/onizuka/.config/discord/0.0.56/modules/pending/discord_krisp-1.zip: 64%
2024-06-13T15:27:14.512Z [Modules] Streaming discord_krisp@1 to /home/onizuka/.config/discord/0.0.56/modules/pending/discord_krisp-1.zip: 65%
2024-06-13T15:27:14.576Z [Modules] Streaming discord_krisp@1 to /home/onizuka/.config/discord/0.0.56/modules/pending/discord_krisp-1.zip: 66%
2024-06-13T15:27:14.588Z [Modules] Streaming discord_krisp@1 to /home/onizuka/.config/discord/0.0.56/modules/pending/discord_krisp-1.zip: 67%
2024-06-13T15:27:14.607Z [Modules] Streaming discord_krisp@1 to /home/onizuka/.config/discord/0.0.56/modules/pending/discord_krisp-1.zip: 68%
2024-06-13T15:27:14.805Z [Modules] Streaming discord_krisp@1 to /home/onizuka/.config/discord/0.0.56/modules/pending/discord_krisp-1.zip: 69%
2024-06-13T15:27:14.807Z [Modules] Streaming discord_krisp@1 to /home/onizuka/.config/discord/0.0.56/modules/pending/discord_krisp-1.zip: 70%
2024-06-13T15:27:14.810Z [Modules] Streaming discord_krisp@1 to /home/onizuka/.config/discord/0.0.56/modules/pending/discord_krisp-1.zip: 71%
2024-06-13T15:27:14.812Z [Modules] Streaming discord_krisp@1 to /home/onizuka/.config/discord/0.0.56/modules/pending/discord_krisp-1.zip: 72%
2024-06-13T15:27:14.845Z [Modules] Streaming discord_krisp@1 to /home/onizuka/.config/discord/0.0.56/modules/pending/discord_krisp-1.zip: 73%
2024-06-13T15:27:14.847Z [Modules] Streaming discord_krisp@1 to /home/onizuka/.config/discord/0.0.56/modules/pending/discord_krisp-1.zip: 74%
2024-06-13T15:27:14.848Z [Modules] Streaming discord_krisp@1 to /home/onizuka/.config/discord/0.0.56/modules/pending/discord_krisp-1.zip: 75%
2024-06-13T15:27:14.852Z [Modules] Streaming discord_krisp@1 to /home/onizuka/.config/discord/0.0.56/modules/pending/discord_krisp-1.zip: 76%
2024-06-13T15:27:14.853Z [Modules] Streaming discord_krisp@1 to /home/onizuka/.config/discord/0.0.56/modules/pending/discord_krisp-1.zip: 77%
2024-06-13T15:27:14.854Z [Modules] Streaming discord_krisp@1 to /home/onizuka/.config/discord/0.0.56/modules/pending/discord_krisp-1.zip: 78%
2024-06-13T15:27:14.855Z [Modules] Streaming discord_krisp@1 to /home/onizuka/.config/discord/0.0.56/modules/pending/discord_krisp-1.zip: 79%
2024-06-13T15:27:14.876Z [Modules] Streaming discord_krisp@1 to /home/onizuka/.config/discord/0.0.56/modules/pending/discord_krisp-1.zip: 80%
2024-06-13T15:27:14.886Z [Modules] Streaming discord_krisp@1 to /home/onizuka/.config/discord/0.0.56/modules/pending/discord_krisp-1.zip: 81%
2024-06-13T15:27:14.893Z [Modules] Streaming discord_krisp@1 to /home/onizuka/.config/discord/0.0.56/modules/pending/discord_krisp-1.zip: 82%
2024-06-13T15:27:14.916Z [Modules] Streaming discord_krisp@1 to /home/onizuka/.config/discord/0.0.56/modules/pending/discord_krisp-1.zip: 83%
2024-06-13T15:27:14.923Z [Modules] Streaming discord_krisp@1 to /home/onizuka/.config/discord/0.0.56/modules/pending/discord_krisp-1.zip: 84%
2024-06-13T15:27:14.928Z [Modules] Streaming discord_krisp@1 to /home/onizuka/.config/discord/0.0.56/modules/pending/discord_krisp-1.zip: 85%
2024-06-13T15:27:14.936Z [Modules] Streaming discord_krisp@1 to /home/onizuka/.config/discord/0.0.56/modules/pending/discord_krisp-1.zip: 86%
2024-06-13T15:27:14.961Z [Modules] Streaming discord_krisp@1 to /home/onizuka/.config/discord/0.0.56/modules/pending/discord_krisp-1.zip: 87%
2024-06-13T15:27:14.968Z [Modules] Streaming discord_krisp@1 to /home/onizuka/.config/discord/0.0.56/modules/pending/discord_krisp-1.zip: 88%
2024-06-13T15:27:14.976Z [Modules] Streaming discord_krisp@1 to /home/onizuka/.config/discord/0.0.56/modules/pending/discord_krisp-1.zip: 89%
2024-06-13T15:27:14.983Z [Modules] Streaming discord_krisp@1 to /home/onizuka/.config/discord/0.0.56/modules/pending/discord_krisp-1.zip: 90%
2024-06-13T15:27:15.015Z [Modules] Streaming discord_krisp@1 to /home/onizuka/.config/discord/0.0.56/modules/pending/discord_krisp-1.zip: 91%
2024-06-13T15:27:15.027Z [Modules] Streaming discord_krisp@1 to /home/onizuka/.config/discord/0.0.56/modules/pending/discord_krisp-1.zip: 92%
2024-06-13T15:27:15.034Z [Modules] Streaming discord_krisp@1 to /home/onizuka/.config/discord/0.0.56/modules/pending/discord_krisp-1.zip: 93%
2024-06-13T15:27:15.039Z [Modules] Streaming discord_krisp@1 to /home/onizuka/.config/discord/0.0.56/modules/pending/discord_krisp-1.zip: 94%
2024-06-13T15:27:15.052Z [Modules] Streaming discord_krisp@1 to /home/onizuka/.config/discord/0.0.56/modules/pending/discord_krisp-1.zip: 95%
2024-06-13T15:27:15.073Z [Modules] Streaming discord_krisp@1 to /home/onizuka/.config/discord/0.0.56/modules/pending/discord_krisp-1.zip: 96%
2024-06-13T15:27:15.078Z [Modules] Streaming discord_krisp@1 to /home/onizuka/.config/discord/0.0.56/modules/pending/discord_krisp-1.zip: 97%
2024-06-13T15:27:15.089Z [Modules] Streaming discord_krisp@1 to /home/onizuka/.config/discord/0.0.56/modules/pending/discord_krisp-1.zip: 98%
2024-06-13T15:27:15.095Z [Modules] Streaming discord_krisp@1 to /home/onizuka/.config/discord/0.0.56/modules/pending/discord_krisp-1.zip: 99%
2024-06-13T15:27:15.103Z [Modules] Streaming discord_krisp@1 to /home/onizuka/.config/discord/0.0.56/modules/pending/discord_krisp-1.zip: 100%
2024-06-13T15:27:15.105Z [Modules] Fetching discord_game_utils@1 from https://discord.com/api/modules/stable/discord_game_utils/1
2024-06-13T15:27:15.105Z [Modules] Streaming discord_game_utils@1 to /home/onizuka/.config/discord/0.0.56/modules/pending/discord_game_utils-1.zip
2024-06-13T15:27:15.105Z [Modules] Installing discord_krisp@1 from /home/onizuka/.config/discord/0.0.56/modules/pending/discord_krisp-1.zip
2024-06-13T15:27:15.279Z [Modules] Streaming discord_game_utils@1 to /home/onizuka/.config/discord/0.0.56/modules/pending/discord_game_utils-1.zip: 2%
2024-06-13T15:27:15.280Z [Modules] Streaming discord_game_utils@1 to /home/onizuka/.config/discord/0.0.56/modules/pending/discord_game_utils-1.zip: 4%
2024-06-13T15:27:15.282Z [Modules] Streaming discord_game_utils@1 to /home/onizuka/.config/discord/0.0.56/modules/pending/discord_game_utils-1.zip: 5%
2024-06-13T15:27:15.283Z [Modules] Streaming discord_game_utils@1 to /home/onizuka/.config/discord/0.0.56/modules/pending/discord_game_utils-1.zip: 6%
2024-06-13T15:27:15.292Z [Modules] Streaming discord_game_utils@1 to /home/onizuka/.config/discord/0.0.56/modules/pending/discord_game_utils-1.zip: 8%
2024-06-13T15:27:15.293Z [Modules] Streaming discord_game_utils@1 to /home/onizuka/.config/discord/0.0.56/modules/pending/discord_game_utils-1.zip: 12%
2024-06-13T15:27:15.294Z [Modules] Streaming discord_game_utils@1 to /home/onizuka/.config/discord/0.0.56/modules/pending/discord_game_utils-1.zip: 14%
2024-06-13T15:27:15.295Z [Modules] Streaming discord_game_utils@1 to /home/onizuka/.config/discord/0.0.56/modules/pending/discord_game_utils-1.zip: 15%
2024-06-13T15:27:15.297Z [Modules] Streaming discord_game_utils@1 to /home/onizuka/.config/discord/0.0.56/modules/pending/discord_game_utils-1.zip: 18%
2024-06-13T15:27:15.302Z [Modules] Streaming discord_game_utils@1 to /home/onizuka/.config/discord/0.0.56/modules/pending/discord_game_utils-1.zip: 21%
2024-06-13T15:27:15.304Z [Modules] Streaming discord_game_utils@1 to /home/onizuka/.config/discord/0.0.56/modules/pending/discord_game_utils-1.zip: 24%
2024-06-13T15:27:15.308Z [Modules] Streaming discord_game_utils@1 to /home/onizuka/.config/discord/0.0.56/modules/pending/discord_game_utils-1.zip: 27%
2024-06-13T15:27:15.309Z [Modules] Streaming discord_game_utils@1 to /home/onizuka/.config/discord/0.0.56/modules/pending/discord_game_utils-1.zip: 30%
2024-06-13T15:27:15.311Z [Modules] Streaming discord_game_utils@1 to /home/onizuka/.config/discord/0.0.56/modules/pending/discord_game_utils-1.zip: 31%
2024-06-13T15:27:15.312Z [Modules] Streaming discord_game_utils@1 to /home/onizuka/.config/discord/0.0.56/modules/pending/discord_game_utils-1.zip: 34%
2024-06-13T15:27:15.315Z [Modules] Streaming discord_game_utils@1 to /home/onizuka/.config/discord/0.0.56/modules/pending/discord_game_utils-1.zip: 36%
2024-06-13T15:27:15.319Z [Modules] Streaming discord_game_utils@1 to /home/onizuka/.config/discord/0.0.56/modules/pending/discord_game_utils-1.zip: 38%
2024-06-13T15:27:15.320Z [Modules] Streaming discord_game_utils@1 to /home/onizuka/.config/discord/0.0.56/modules/pending/discord_game_utils-1.zip: 40%
2024-06-13T15:27:15.321Z [Modules] Streaming discord_game_utils@1 to /home/onizuka/.config/discord/0.0.56/modules/pending/discord_game_utils-1.zip: 42%
2024-06-13T15:27:15.322Z [Modules] Streaming discord_game_utils@1 to /home/onizuka/.config/discord/0.0.56/modules/pending/discord_game_utils-1.zip: 43%
2024-06-13T15:27:15.324Z [Modules] Streaming discord_game_utils@1 to /home/onizuka/.config/discord/0.0.56/modules/pending/discord_game_utils-1.zip: 44%
2024-06-13T15:27:15.325Z [Modules] Streaming discord_game_utils@1 to /home/onizuka/.config/discord/0.0.56/modules/pending/discord_game_utils-1.zip: 47%
2024-06-13T15:27:15.327Z [Modules] Streaming discord_game_utils@1 to /home/onizuka/.config/discord/0.0.56/modules/pending/discord_game_utils-1.zip: 50%
2024-06-13T15:27:15.328Z [Modules] Streaming discord_game_utils@1 to /home/onizuka/.config/discord/0.0.56/modules/pending/discord_game_utils-1.zip: 51%
2024-06-13T15:27:15.329Z [Modules] Streaming discord_game_utils@1 to /home/onizuka/.config/discord/0.0.56/modules/pending/discord_game_utils-1.zip: 53%
2024-06-13T15:27:15.342Z [Modules] Streaming discord_game_utils@1 to /home/onizuka/.config/discord/0.0.56/modules/pending/discord_game_utils-1.zip: 54%
2024-06-13T15:27:15.401Z [Modules] Streaming discord_game_utils@1 to /home/onizuka/.config/discord/0.0.56/modules/pending/discord_game_utils-1.zip: 55%
2024-06-13T15:27:15.407Z [Modules] Checking for host updates.
2024-06-13T15:27:15.419Z [Modules] Streaming discord_game_utils@1 to /home/onizuka/.config/discord/0.0.56/modules/pending/discord_game_utils-1.zip: 56%
2024-06-13T15:27:15.479Z [Modules] Streaming discord_game_utils@1 to /home/onizuka/.config/discord/0.0.56/modules/pending/discord_game_utils-1.zip: 57%
2024-06-13T15:27:15.538Z [Modules] Streaming discord_game_utils@1 to /home/onizuka/.config/discord/0.0.56/modules/pending/discord_game_utils-1.zip: 58%
2024-06-13T15:27:15.548Z [Modules] Streaming discord_game_utils@1 to /home/onizuka/.config/discord/0.0.56/modules/pending/discord_game_utils-1.zip: 60%
2024-06-13T15:27:15.553Z [Modules] Streaming discord_game_utils@1 to /home/onizuka/.config/discord/0.0.56/modules/pending/discord_game_utils-1.zip: 63%
2024-06-13T15:27:15.555Z [Modules] Streaming discord_game_utils@1 to /home/onizuka/.config/discord/0.0.56/modules/pending/discord_game_utils-1.zip: 66%
2024-06-13T15:27:15.555Z [Modules] Streaming discord_game_utils@1 to /home/onizuka/.config/discord/0.0.56/modules/pending/discord_game_utils-1.zip: 67%
2024-06-13T15:27:15.560Z [Modules] Streaming discord_game_utils@1 to /home/onizuka/.config/discord/0.0.56/modules/pending/discord_game_utils-1.zip: 69%
2024-06-13T15:27:15.560Z [Modules] Streaming discord_game_utils@1 to /home/onizuka/.config/discord/0.0.56/modules/pending/discord_game_utils-1.zip: 70%
2024-06-13T15:27:15.562Z [Modules] Streaming discord_game_utils@1 to /home/onizuka/.config/discord/0.0.56/modules/pending/discord_game_utils-1.zip: 72%
2024-06-13T15:27:15.563Z [Modules] Streaming discord_game_utils@1 to /home/onizuka/.config/discord/0.0.56/modules/pending/discord_game_utils-1.zip: 73%
2024-06-13T15:27:15.566Z [Modules] Streaming discord_game_utils@1 to /home/onizuka/.config/discord/0.0.56/modules/pending/discord_game_utils-1.zip: 75%
2024-06-13T15:27:15.568Z [Modules] Streaming discord_game_utils@1 to /home/onizuka/.config/discord/0.0.56/modules/pending/discord_game_utils-1.zip: 78%
2024-06-13T15:27:15.569Z [Modules] Streaming discord_game_utils@1 to /home/onizuka/.config/discord/0.0.56/modules/pending/discord_game_utils-1.zip: 81%
2024-06-13T15:27:15.570Z [Modules] Streaming discord_game_utils@1 to /home/onizuka/.config/discord/0.0.56/modules/pending/discord_game_utils-1.zip: 83%
2024-06-13T15:27:15.572Z [Modules] Streaming discord_game_utils@1 to /home/onizuka/.config/discord/0.0.56/modules/pending/discord_game_utils-1.zip: 85%
2024-06-13T15:27:15.573Z [Modules] Streaming discord_game_utils@1 to /home/onizuka/.config/discord/0.0.56/modules/pending/discord_game_utils-1.zip: 86%
2024-06-13T15:27:15.577Z [Modules] Streaming discord_game_utils@1 to /home/onizuka/.config/discord/0.0.56/modules/pending/discord_game_utils-1.zip: 88%
2024-06-13T15:27:15.577Z [Modules] Streaming discord_game_utils@1 to /home/onizuka/.config/discord/0.0.56/modules/pending/discord_game_utils-1.zip: 91%
2024-06-13T15:27:15.578Z [Modules] Streaming discord_game_utils@1 to /home/onizuka/.config/discord/0.0.56/modules/pending/discord_game_utils-1.zip: 92%
2024-06-13T15:27:15.579Z [Modules] Streaming discord_game_utils@1 to /home/onizuka/.config/discord/0.0.56/modules/pending/discord_game_utils-1.zip: 95%
2024-06-13T15:27:15.582Z [Modules] Streaming discord_game_utils@1 to /home/onizuka/.config/discord/0.0.56/modules/pending/discord_game_utils-1.zip: 100%
2024-06-13T15:27:15.585Z [Modules] Finished module downloads. [success: 2] [failure: 0]
2024-06-13T15:27:15.587Z [Modules] Starting to install discord_rpc...
2024-06-13T15:27:15.587Z [Modules] Fetching discord_rpc@1 from https://discord.com/api/modules/stable/discord_rpc/1
2024-06-13T15:27:15.587Z [Modules] Streaming discord_rpc@1 to /home/onizuka/.config/discord/0.0.56/modules/pending/discord_rpc-1.zip
2024-06-13T15:27:15.590Z [Modules] Host is up to date.
2024-06-13T15:27:15.590Z [Modules] Checking for module updates at https://discord.com/api/modules/stable/versions.json
2024-06-13T15:27:15.594Z [Modules] No module updates available.
2024-06-13T15:27:15.766Z [Modules] Streaming discord_rpc@1 to /home/onizuka/.config/discord/0.0.56/modules/pending/discord_rpc-1.zip: 38%
2024-06-13T15:27:15.836Z [Modules] Streaming discord_rpc@1 to /home/onizuka/.config/discord/0.0.56/modules/pending/discord_rpc-1.zip: 100%
2024-06-13T15:27:15.838Z [Modules] Finished module downloads. [success: 1] [failure: 0]
2024-06-13T15:27:15.891Z [Modules] Installing discord_game_utils@1 from /home/onizuka/.config/discord/0.0.56/modules/pending/discord_game_utils-1.zip
2024-06-13T15:27:15.978Z [Modules] Installing discord_rpc@1 from /home/onizuka/.config/discord/0.0.56/modules/pending/discord_rpc-1.zip
2024-06-13T15:27:15.998Z [Modules] Finished module installations. [success: 3] [failure: 0]
2024-06-13T15:29:02.007Z [Modules] Modules initializing
2024-06-13T15:29:02.008Z [Modules] Distribution: remote
2024-06-13T15:29:02.008Z [Modules] Host updates: enabled
2024-06-13T15:29:02.008Z [Modules] Module updates: enabled
2024-06-13T15:29:02.008Z [Modules] Module install path: /home/onizuka/.config/discord/0.0.56/modules
2024-06-13T15:29:02.009Z [Modules] Module installed file path: /home/onizuka/.config/discord/0.0.56/modules/installed.json
2024-06-13T15:29:02.009Z [Modules] Module download path: /home/onizuka/.config/discord/0.0.56/modules/pending
2024-06-13T15:29:02.361Z [Modules] No updates to install
2024-06-13T15:29:02.362Z [Modules] Checking for host updates.
2024-06-13T15:29:02.595Z [Modules] Host is up to date.
2024-06-13T15:29:02.595Z [Modules] Checking for module updates at https://discord.com/api/modules/stable/versions.json
2024-06-13T15:29:02.602Z [Modules] No module updates available.
2024-06-13T15:29:07.742Z [Modules] Checking for host updates.
2024-06-13T15:29:07.929Z [Modules] Host is up to date.
2024-06-13T15:29:07.930Z [Modules] Checking for module updates at https://discord.com/api/modules/stable/versions.json
2024-06-13T15:29:07.933Z [Modules] No module updates available.
