2024-06-13T15:27:04.170Z 0: 

----------------------------------------------
2024-06-13T15:27:04.193Z 1: Discord starting: {"releaseChannel":"stable","version":"0.0.56"}, modulepath: /home/onizuka/.config/discord/0.0.56/modules
2024-06-13T15:27:04.197Z 2: ✅ webContents.created web1 ""
2024-06-13T15:27:04.201Z 3: ✅ window.created win1 "discord"
2024-06-13T15:27:04.532Z 4: ✅ webContents.did-finish-load web1
2024-06-13T15:27:11.547Z 5: ✅ webContents.created web2 ""
2024-06-13T15:27:11.573Z 6: ✅ window.created win2 "Discord"
2024-06-13T15:27:15.605Z 7: ✅ webContents.did-finish-load web2
2024-06-13T15:27:15.704Z 8: window.close win1
2024-06-13T15:27:15.719Z 9: webContents.destroyed web1
2024-06-13T15:27:15.720Z 10: window.closed win1
2024-06-13T15:27:20.038Z 11: window.close win2
2024-06-13T15:27:21.431Z 12: before-quit
2024-06-13T15:27:21.434Z 13: window.close win2
2024-06-13T15:27:21.440Z 14: webContents.destroyed web2
2024-06-13T15:27:21.450Z 15: window.closed win2
2024-06-13T15:29:02.103Z 0: 

----------------------------------------------
2024-06-13T15:29:02.129Z 1: Discord starting: {"releaseChannel":"stable","version":"0.0.56"}, modulepath: /home/onizuka/.config/discord/0.0.56/modules
2024-06-13T15:29:02.146Z 2: ✅ webContents.created web1 ""
2024-06-13T15:29:02.151Z 3: ✅ window.created win1 "discord"
2024-06-13T15:29:02.470Z 4: ✅ webContents.did-finish-load web1
2024-06-13T15:29:02.719Z 5: ✅ webContents.created web2 ""
2024-06-13T15:29:02.742Z 6: ✅ window.created win2 "Discord"
2024-06-13T15:29:05.832Z 7: ✅ webContents.did-finish-load web2
2024-06-13T15:29:05.932Z 8: window.close win1
2024-06-13T15:29:05.939Z 9: webContents.destroyed web1
2024-06-13T15:29:05.940Z 10: window.closed win1
2024-06-13T15:29:07.379Z 11: ✅ webContents.did-finish-load web2
2024-06-13T15:32:11.052Z 12: window.close win2
2024-06-13T15:33:29.696Z 0: 

----------------------------------------------
2024-06-13T15:33:29.709Z 1: Discord starting: {"releaseChannel":"stable","version":"0.0.56"}, modulepath: /home/onizuka/.config/discord/0.0.56/modules
2024-06-13T15:35:33.294Z 0: 

----------------------------------------------
2024-06-13T15:35:33.320Z 1: Discord starting: {"releaseChannel":"stable","version":"0.0.56"}, modulepath: /home/onizuka/.config/discord/0.0.56/modules
2024-06-13T15:35:33.402Z 2: ✅ webContents.created web1 ""
2024-06-13T15:35:33.407Z 3: ✅ window.created win1 "discord"
2024-06-13T15:35:33.713Z 4: ✅ webContents.did-finish-load web1
2024-06-13T15:35:33.975Z 5: ✅ webContents.created web2 ""
2024-06-13T15:35:33.992Z 6: ✅ window.created win2 "Discord"
2024-06-13T15:35:36.943Z 7: ✅ webContents.did-finish-load web2
2024-06-13T15:35:37.043Z 8: window.close win1
2024-06-13T15:35:37.057Z 9: webContents.destroyed web1
2024-06-13T15:35:37.058Z 10: window.closed win1
